

Started GET "/uploads/%2E%2E%2Fconfig%2Finitializers%2Fsecret_token.rb" for 127.0.0.1 at 2015-02-27 14:38:04 +0000
Processing by UploadsController#show as 
  Parameters: {"id"=>"../config/initializers/secret_token"}
Sent file /Users/jeremyfox/Code/security-workshop-bundle/challenges/ultimate-uploader-iv/config/initializers/secret_token.rb (0.1ms)
Completed 200 OK in 7ms


Started GET "/" for 127.0.0.1 at 2015-02-27 14:38:04 +0000
Processing by UploadsController#index as */*
  Rendered uploads/index.html.haml within layouts/application (3.4ms)
Completed 200 OK in 590ms (Views: 589.5ms)


Started GET "/uploads/%2E%2E%2Fconfig%2Finitializers%2Fsecret_token.rb" for 127.0.0.1 at 2015-02-27 14:38:51 +0000
Processing by UploadsController#show as 
  Parameters: {"id"=>"../config/initializers/secret_token"}
Sent file /Users/jeremyfox/Code/security-workshop-bundle/challenges/ultimate-uploader-iv/config/initializers/secret_token.rb (0.1ms)
Completed 200 OK in 1ms


Started GET "/" for 127.0.0.1 at 2015-02-27 14:38:51 +0000
Processing by UploadsController#index as */*
  Rendered uploads/index.html.haml within layouts/application (0.9ms)
Completed 200 OK in 6ms (Views: 5.9ms)


Started GET "/uploads/%2E%2E%2Fconfig%2Finitializers%2Fsecret_token.rb" for 127.0.0.1 at 2015-02-27 14:39:27 +0000
Processing by UploadsController#show as 
  Parameters: {"id"=>"../config/initializers/secret_token"}
Sent file /Users/jeremyfox/Code/security-workshop-bundle/challenges/ultimate-uploader-iv/config/initializers/secret_token.rb (0.1ms)
Completed 200 OK in 0ms


Started GET "/" for 127.0.0.1 at 2015-02-27 14:39:27 +0000
Processing by UploadsController#index as */*
  Rendered uploads/index.html.haml within layouts/application (0.7ms)
Completed 200 OK in 6ms (Views: 5.5ms)


Started GET "/uploads/%2E%2E%2Fconfig%2Finitializers%2Fsecret_token.rb" for 127.0.0.1 at 2015-02-27 14:40:57 +0000
Processing by UploadsController#show as 
  Parameters: {"id"=>"../config/initializers/secret_token"}
Sent file /Users/jeremyfox/Code/security-workshop-bundle/challenges/ultimate-uploader-iv/config/initializers/secret_token.rb (0.1ms)
Completed 200 OK in 0ms


Started GET "/" for 127.0.0.1 at 2015-02-27 14:40:57 +0000
Processing by UploadsController#index as */*
  Rendered uploads/index.html.haml within layouts/application (0.8ms)
Completed 200 OK in 7ms (Views: 6.2ms)


Started GET "/uploads/%2E%2E%2Fconfig%2Finitializers%2Fsecret_token.rb" for 127.0.0.1 at 2015-02-27 14:43:02 +0000
Processing by UploadsController#show as 
  Parameters: {"id"=>"../config/initializers/secret_token"}
Sent file /Users/jeremyfox/Code/security-workshop-bundle/challenges/ultimate-uploader-iv/config/initializers/secret_token.rb (0.0ms)
Completed 200 OK in 0ms


Started GET "/" for 127.0.0.1 at 2015-02-27 14:43:03 +0000
Processing by UploadsController#index as */*
  Rendered uploads/index.html.haml within layouts/application (0.7ms)
Completed 200 OK in 6ms (Views: 5.9ms)


Started GET "/uploads/%2E%2E%2Fconfig%2Finitializers%2Fsecret_token.rb" for 127.0.0.1 at 2015-02-27 14:43:49 +0000
Processing by UploadsController#show as 
  Parameters: {"id"=>"../config/initializers/secret_token"}
Sent file /Users/jeremyfox/Code/security-workshop-bundle/challenges/ultimate-uploader-iv/config/initializers/secret_token.rb (0.1ms)
Completed 200 OK in 0ms


Started GET "/" for 127.0.0.1 at 2015-02-27 14:43:49 +0000
Processing by UploadsController#index as */*
  Rendered uploads/index.html.haml within layouts/application (0.8ms)
Completed 200 OK in 6ms (Views: 5.9ms)


Started GET "/uploads/%2E%2E%2Fconfig%2Finitializers%2Fsecret_token.rb" for 127.0.0.1 at 2015-02-27 14:49:37 +0000
Processing by UploadsController#show as 
  Parameters: {"id"=>"../config/initializers/secret_token"}
Sent file /Users/jeremyfox/Code/security-workshop-bundle/challenges/ultimate-uploader-iv/config/initializers/secret_token.rb (0.1ms)
Completed 200 OK in 0ms


Started GET "/" for 127.0.0.1 at 2015-02-27 14:49:37 +0000
Processing by UploadsController#index as */*
  Rendered uploads/index.html.haml within layouts/application (0.8ms)
Completed 200 OK in 6ms (Views: 6.0ms)


Started GET "/uploads/%2E%2E%2Fconfig%2Finitializers%2Fsecret_token.rb" for 127.0.0.1 at 2015-02-27 14:51:10 +0000
Processing by UploadsController#show as 
  Parameters: {"id"=>"../config/initializers/secret_token"}
Sent file /Users/jeremyfox/Code/security-workshop-bundle/challenges/ultimate-uploader-iv/config/initializers/secret_token.rb (0.1ms)
Completed 200 OK in 0ms


Started GET "/" for 127.0.0.1 at 2015-02-27 14:51:10 +0000
Processing by UploadsController#index as */*
  Rendered uploads/index.html.haml within layouts/application (0.8ms)
Completed 200 OK in 7ms (Views: 6.3ms)


Started GET "/uploads/%2E%2E%2Fconfig%2Finitializers%2Fsecret_token.rb" for 127.0.0.1 at 2015-02-27 14:56:01 +0000
Processing by UploadsController#show as 
  Parameters: {"id"=>"../config/initializers/secret_token"}
Sent file /Users/jeremyfox/Code/security-workshop-bundle/challenges/ultimate-uploader-iv/config/initializers/secret_token.rb (0.1ms)
Completed 200 OK in 7ms


Started GET "/" for 127.0.0.1 at 2015-02-27 14:56:01 +0000
Processing by UploadsController#index as */*
  Rendered uploads/index.html.haml within layouts/application (2.7ms)
Completed 200 OK in 22ms (Views: 21.7ms)


Started GET "/uploads/%2E%2E%2Fconfig%2Finitializers%2Fsecret_token.rb" for 127.0.0.1 at 2015-02-27 14:56:29 +0000
Processing by UploadsController#show as 
  Parameters: {"id"=>"../config/initializers/secret_token"}
Sent file /Users/jeremyfox/Code/security-workshop-bundle/challenges/ultimate-uploader-iv/config/initializers/secret_token.rb (0.0ms)
Completed 200 OK in 0ms


Started GET "/" for 127.0.0.1 at 2015-02-27 14:56:29 +0000
Processing by UploadsController#index as */*
  Rendered uploads/index.html.haml within layouts/application (0.7ms)
Completed 200 OK in 6ms (Views: 5.5ms)


Started GET "/uploads/%2E%2E%2Fconfig%2Finitializers%2Fsecret_token.rb" for 127.0.0.1 at 2015-02-27 14:56:31 +0000
Processing by UploadsController#show as 
  Parameters: {"id"=>"../config/initializers/secret_token"}
Sent file /Users/jeremyfox/Code/security-workshop-bundle/challenges/ultimate-uploader-iv/config/initializers/secret_token.rb (0.1ms)
Completed 200 OK in 0ms


Started GET "/" for 127.0.0.1 at 2015-02-27 14:56:31 +0000
Processing by UploadsController#index as */*
  Rendered uploads/index.html.haml within layouts/application (0.8ms)
Completed 200 OK in 6ms (Views: 5.7ms)


Started GET "/uploads/%2E%2E%2Fconfig%2Finitializers%2Fsecret_token.rb" for 127.0.0.1 at 2015-02-27 14:58:14 +0000
Processing by UploadsController#show as 
  Parameters: {"id"=>"../config/initializers/secret_token"}
Sent file /Users/jeremyfox/Code/security-workshop-bundle/challenges/ultimate-uploader-iv/config/initializers/secret_token.rb (0.0ms)
Completed 200 OK in 0ms


Started GET "/" for 127.0.0.1 at 2015-02-27 14:58:14 +0000
Processing by UploadsController#index as */*
  Rendered uploads/index.html.haml within layouts/application (0.9ms)
Completed 200 OK in 6ms (Views: 5.9ms)


Started GET "/" for 127.0.0.1 at 2015-02-27 14:58:14 +0000
Processing by UploadsController#index as */*
  Rendered uploads/index.html.haml within layouts/application (0.7ms)
Completed 200 OK in 7ms (Views: 6.3ms)
DEPRECATION WARNING: @result is deprecated! Call result.nil? instead of @result.nil?. Args: []. (called from service at /Users/jeremyfox/.rvm/rubies/ruby-2.1.3/lib/ruby/2.1.0/webrick/httpserver.rb:138)
DEPRECATION WARNING: @result is deprecated! Call result.nil? instead of @result.nil?. Args: []. (called from service at /Users/jeremyfox/.rvm/rubies/ruby-2.1.3/lib/ruby/2.1.0/webrick/httpserver.rb:138)
DEPRECATION WARNING: @result is deprecated! Call result.respond_to? instead of @result.respond_to?. Args: [:marshal_dump, true]. (called from service at /Users/jeremyfox/.rvm/rubies/ruby-2.1.3/lib/ruby/2.1.0/webrick/httpserver.rb:138)
DEPRECATION WARNING: @result is deprecated! Call result.respond_to? instead of @result.respond_to?. Args: [:_dump, true]. (called from service at /Users/jeremyfox/.rvm/rubies/ruby-2.1.3/lib/ruby/2.1.0/webrick/httpserver.rb:138)


Started GET "/uploads/%2E%2E%2Fconfig%2Finitializers%2Fsecret_token.rb" for 127.0.0.1 at 2015-02-27 15:03:47 +0000
Processing by UploadsController#show as 
  Parameters: {"id"=>"../config/initializers/secret_token"}
Sent file /Users/jeremyfox/Code/security-workshop-bundle/challenges/ultimate-uploader-iv/config/initializers/secret_token.rb (0.1ms)
Completed 200 OK in 1ms


Started GET "/" for 127.0.0.1 at 2015-02-27 15:03:47 +0000
Processing by UploadsController#index as */*
  Rendered uploads/index.html.haml within layouts/application (1.0ms)
Completed 200 OK in 7ms (Views: 6.3ms)


Started GET "/" for 127.0.0.1 at 2015-02-27 15:03:48 +0000
Processing by UploadsController#index as */*
  Rendered uploads/index.html.haml within layouts/application (0.7ms)
Completed 200 OK in 7ms (Views: 6.0ms)
DEPRECATION WARNING: @result is deprecated! Call result.nil? instead of @result.nil?. Args: []. (called from service at /Users/jeremyfox/.rvm/rubies/ruby-2.1.3/lib/ruby/2.1.0/webrick/httpserver.rb:138)
DEPRECATION WARNING: @result is deprecated! Call result.nil? instead of @result.nil?. Args: []. (called from service at /Users/jeremyfox/.rvm/rubies/ruby-2.1.3/lib/ruby/2.1.0/webrick/httpserver.rb:138)
DEPRECATION WARNING: @result is deprecated! Call result.respond_to? instead of @result.respond_to?. Args: [:marshal_dump, true]. (called from service at /Users/jeremyfox/.rvm/rubies/ruby-2.1.3/lib/ruby/2.1.0/webrick/httpserver.rb:138)
DEPRECATION WARNING: @result is deprecated! Call result.respond_to? instead of @result.respond_to?. Args: [:_dump, true]. (called from service at /Users/jeremyfox/.rvm/rubies/ruby-2.1.3/lib/ruby/2.1.0/webrick/httpserver.rb:138)


Started GET "/uploads/%2E%2E%2Fconfig%2Finitializers%2Fsecret_token.rb" for 127.0.0.1 at 2015-02-27 15:05:08 +0000
Processing by UploadsController#show as 
  Parameters: {"id"=>"../config/initializers/secret_token"}
Sent file /Users/jeremyfox/Code/security-workshop-bundle/challenges/ultimate-uploader-iv/config/initializers/secret_token.rb (0.1ms)
Completed 200 OK in 1ms


Started GET "/" for 127.0.0.1 at 2015-02-27 15:05:08 +0000
Processing by UploadsController#index as */*
  Rendered uploads/index.html.haml within layouts/application (5.1ms)
Completed 200 OK in 11ms (Views: 10.8ms)


Started GET "/" for 127.0.0.1 at 2015-02-27 15:05:08 +0000
Processing by UploadsController#index as */*
  Rendered uploads/index.html.haml within layouts/application (0.8ms)
Completed 200 OK in 7ms (Views: 6.0ms)
DEPRECATION WARNING: @result is deprecated! Call result.nil? instead of @result.nil?. Args: []. (called from service at /Users/jeremyfox/.rvm/rubies/ruby-2.1.3/lib/ruby/2.1.0/webrick/httpserver.rb:138)
DEPRECATION WARNING: @result is deprecated! Call result.nil? instead of @result.nil?. Args: []. (called from service at /Users/jeremyfox/.rvm/rubies/ruby-2.1.3/lib/ruby/2.1.0/webrick/httpserver.rb:138)
DEPRECATION WARNING: @result is deprecated! Call result.respond_to? instead of @result.respond_to?. Args: [:marshal_dump, true]. (called from service at /Users/jeremyfox/.rvm/rubies/ruby-2.1.3/lib/ruby/2.1.0/webrick/httpserver.rb:138)
DEPRECATION WARNING: @result is deprecated! Call result.respond_to? instead of @result.respond_to?. Args: [:_dump, true]. (called from service at /Users/jeremyfox/.rvm/rubies/ruby-2.1.3/lib/ruby/2.1.0/webrick/httpserver.rb:138)


Started GET "/uploads/%2E%2E%2Fconfig%2Finitializers%2Fsecret_token.rb" for 127.0.0.1 at 2015-02-27 15:05:33 +0000
Processing by UploadsController#show as 
  Parameters: {"id"=>"../config/initializers/secret_token"}
Sent file /Users/jeremyfox/Code/security-workshop-bundle/challenges/ultimate-uploader-iv/config/initializers/secret_token.rb (0.1ms)
Completed 200 OK in 1ms


Started GET "/" for 127.0.0.1 at 2015-02-27 15:05:33 +0000
Processing by UploadsController#index as */*
  Rendered uploads/index.html.haml within layouts/application (1.0ms)
Completed 200 OK in 7ms (Views: 6.5ms)


Started GET "/" for 127.0.0.1 at 2015-02-27 15:05:33 +0000
Processing by UploadsController#index as */*
  Rendered uploads/index.html.haml within layouts/application (0.8ms)
Completed 200 OK in 6ms (Views: 5.9ms)
DEPRECATION WARNING: @result is deprecated! Call result.nil? instead of @result.nil?. Args: []. (called from service at /Users/jeremyfox/.rvm/rubies/ruby-2.1.3/lib/ruby/2.1.0/webrick/httpserver.rb:138)
DEPRECATION WARNING: @result is deprecated! Call result.nil? instead of @result.nil?. Args: []. (called from service at /Users/jeremyfox/.rvm/rubies/ruby-2.1.3/lib/ruby/2.1.0/webrick/httpserver.rb:138)
DEPRECATION WARNING: @result is deprecated! Call result.respond_to? instead of @result.respond_to?. Args: [:marshal_dump, true]. (called from service at /Users/jeremyfox/.rvm/rubies/ruby-2.1.3/lib/ruby/2.1.0/webrick/httpserver.rb:138)
DEPRECATION WARNING: @result is deprecated! Call result.respond_to? instead of @result.respond_to?. Args: [:_dump, true]. (called from service at /Users/jeremyfox/.rvm/rubies/ruby-2.1.3/lib/ruby/2.1.0/webrick/httpserver.rb:138)


Started GET "/uploads/%2E%2E%2Fconfig%2Finitializers%2Fsecret_token.rb" for 127.0.0.1 at 2015-02-27 15:05:56 +0000
Processing by UploadsController#show as 
  Parameters: {"id"=>"../config/initializers/secret_token"}
Sent file /Users/jeremyfox/Code/security-workshop-bundle/challenges/ultimate-uploader-iv/config/initializers/secret_token.rb (0.1ms)
Completed 200 OK in 0ms


Started GET "/" for 127.0.0.1 at 2015-02-27 15:05:56 +0000
Processing by UploadsController#index as */*
  Rendered uploads/index.html.haml within layouts/application (0.9ms)
Completed 200 OK in 7ms (Views: 6.1ms)


Started GET "/" for 127.0.0.1 at 2015-02-27 15:05:56 +0000
Processing by UploadsController#index as */*
  Rendered uploads/index.html.haml within layouts/application (0.9ms)
Completed 200 OK in 7ms (Views: 6.2ms)
DEPRECATION WARNING: @result is deprecated! Call result.nil? instead of @result.nil?. Args: []. (called from service at /Users/jeremyfox/.rvm/rubies/ruby-2.1.3/lib/ruby/2.1.0/webrick/httpserver.rb:138)
DEPRECATION WARNING: @result is deprecated! Call result.nil? instead of @result.nil?. Args: []. (called from service at /Users/jeremyfox/.rvm/rubies/ruby-2.1.3/lib/ruby/2.1.0/webrick/httpserver.rb:138)
DEPRECATION WARNING: @result is deprecated! Call result.respond_to? instead of @result.respond_to?. Args: [:marshal_dump, true]. (called from service at /Users/jeremyfox/.rvm/rubies/ruby-2.1.3/lib/ruby/2.1.0/webrick/httpserver.rb:138)
DEPRECATION WARNING: @result is deprecated! Call result.respond_to? instead of @result.respond_to?. Args: [:_dump, true]. (called from service at /Users/jeremyfox/.rvm/rubies/ruby-2.1.3/lib/ruby/2.1.0/webrick/httpserver.rb:138)


Started GET "/uploads/%2E%2E%2Fconfig%2Finitializers%2Fsecret_token.rb" for 127.0.0.1 at 2015-02-27 15:06:08 +0000
Processing by UploadsController#show as 
  Parameters: {"id"=>"../config/initializers/secret_token"}
Sent file /Users/jeremyfox/Code/security-workshop-bundle/challenges/ultimate-uploader-iv/config/initializers/secret_token.rb (0.2ms)
Completed 200 OK in 1ms


Started GET "/" for 127.0.0.1 at 2015-02-27 15:06:08 +0000
Processing by UploadsController#index as */*
  Rendered uploads/index.html.haml within layouts/application (1.0ms)
Completed 200 OK in 6ms (Views: 6.1ms)


Started GET "/" for 127.0.0.1 at 2015-02-27 15:06:08 +0000
Processing by UploadsController#index as */*
  Rendered uploads/index.html.haml within layouts/application (0.7ms)
Completed 200 OK in 6ms (Views: 5.9ms)
DEPRECATION WARNING: @result is deprecated! Call result.nil? instead of @result.nil?. Args: []. (called from service at /Users/jeremyfox/.rvm/rubies/ruby-2.1.3/lib/ruby/2.1.0/webrick/httpserver.rb:138)
DEPRECATION WARNING: @result is deprecated! Call result.nil? instead of @result.nil?. Args: []. (called from service at /Users/jeremyfox/.rvm/rubies/ruby-2.1.3/lib/ruby/2.1.0/webrick/httpserver.rb:138)
DEPRECATION WARNING: @result is deprecated! Call result.respond_to? instead of @result.respond_to?. Args: [:marshal_dump, true]. (called from service at /Users/jeremyfox/.rvm/rubies/ruby-2.1.3/lib/ruby/2.1.0/webrick/httpserver.rb:138)
DEPRECATION WARNING: @result is deprecated! Call result.respond_to? instead of @result.respond_to?. Args: [:_dump, true]. (called from service at /Users/jeremyfox/.rvm/rubies/ruby-2.1.3/lib/ruby/2.1.0/webrick/httpserver.rb:138)


Started GET "/uploads/%2E%2E%2Fconfig%2Finitializers%2Fsecret_token.rb" for 127.0.0.1 at 2015-02-27 15:09:10 +0000
Processing by UploadsController#show as 
  Parameters: {"id"=>"../config/initializers/secret_token"}
Sent file /Users/jeremyfox/Code/security-workshop-bundle/challenges/ultimate-uploader-iv/config/initializers/secret_token.rb (0.1ms)
Completed 200 OK in 1ms


Started GET "/" for 127.0.0.1 at 2015-02-27 15:09:10 +0000
Processing by UploadsController#index as */*
  Rendered uploads/index.html.haml within layouts/application (1.1ms)
Completed 200 OK in 7ms (Views: 6.4ms)


Started GET "/" for 127.0.0.1 at 2015-02-27 15:09:11 +0000
Processing by UploadsController#index as */*
  Rendered uploads/index.html.haml within layouts/application (0.7ms)
Completed 200 OK in 6ms (Views: 6.0ms)
DEPRECATION WARNING: @result is deprecated! Call result.nil? instead of @result.nil?. Args: []. (called from service at /Users/jeremyfox/.rvm/rubies/ruby-2.1.3/lib/ruby/2.1.0/webrick/httpserver.rb:138)
DEPRECATION WARNING: @result is deprecated! Call result.nil? instead of @result.nil?. Args: []. (called from service at /Users/jeremyfox/.rvm/rubies/ruby-2.1.3/lib/ruby/2.1.0/webrick/httpserver.rb:138)
DEPRECATION WARNING: @result is deprecated! Call result.respond_to? instead of @result.respond_to?. Args: [:marshal_dump, true]. (called from service at /Users/jeremyfox/.rvm/rubies/ruby-2.1.3/lib/ruby/2.1.0/webrick/httpserver.rb:138)
DEPRECATION WARNING: @result is deprecated! Call result.respond_to? instead of @result.respond_to?. Args: [:_dump, true]. (called from service at /Users/jeremyfox/.rvm/rubies/ruby-2.1.3/lib/ruby/2.1.0/webrick/httpserver.rb:138)


Started GET "/uploads/%2E%2E%2Fconfig%2Finitializers%2Fsecret_token.rb" for 127.0.0.1 at 2015-02-27 15:09:30 +0000
Processing by UploadsController#show as 
  Parameters: {"id"=>"../config/initializers/secret_token"}
Sent file /Users/jeremyfox/Code/security-workshop-bundle/challenges/ultimate-uploader-iv/config/initializers/secret_token.rb (0.1ms)
Completed 200 OK in 1ms


Started GET "/" for 127.0.0.1 at 2015-02-27 15:09:30 +0000
Processing by UploadsController#index as */*
  Rendered uploads/index.html.haml within layouts/application (0.9ms)
Completed 200 OK in 6ms (Views: 6.1ms)


Started GET "/" for 127.0.0.1 at 2015-02-27 15:09:30 +0000
Processing by UploadsController#index as */*
  Rendered uploads/index.html.haml within layouts/application (0.9ms)
Completed 200 OK in 8ms (Views: 6.8ms)
DEPRECATION WARNING: @result is deprecated! Call result.nil? instead of @result.nil?. Args: []. (called from service at /Users/jeremyfox/.rvm/rubies/ruby-2.1.3/lib/ruby/2.1.0/webrick/httpserver.rb:138)
DEPRECATION WARNING: @result is deprecated! Call result.nil? instead of @result.nil?. Args: []. (called from service at /Users/jeremyfox/.rvm/rubies/ruby-2.1.3/lib/ruby/2.1.0/webrick/httpserver.rb:138)
DEPRECATION WARNING: @result is deprecated! Call result.respond_to? instead of @result.respond_to?. Args: [:marshal_dump, true]. (called from service at /Users/jeremyfox/.rvm/rubies/ruby-2.1.3/lib/ruby/2.1.0/webrick/httpserver.rb:138)
DEPRECATION WARNING: @result is deprecated! Call result.respond_to? instead of @result.respond_to?. Args: [:_dump, true]. (called from service at /Users/jeremyfox/.rvm/rubies/ruby-2.1.3/lib/ruby/2.1.0/webrick/httpserver.rb:138)


Started GET "/uploads/%2E%2E%2Fconfig%2Finitializers%2Fsecret_token.rb" for 127.0.0.1 at 2015-02-27 15:09:55 +0000
Processing by UploadsController#show as 
  Parameters: {"id"=>"../config/initializers/secret_token"}
Sent file /Users/jeremyfox/Code/security-workshop-bundle/challenges/ultimate-uploader-iv/config/initializers/secret_token.rb (0.1ms)
Completed 200 OK in 1ms


Started GET "/" for 127.0.0.1 at 2015-02-27 15:09:55 +0000
Processing by UploadsController#index as */*
  Rendered uploads/index.html.haml within layouts/application (1.2ms)
Completed 200 OK in 7ms (Views: 6.8ms)


Started GET "/" for 127.0.0.1 at 2015-02-27 15:09:55 +0000
Processing by UploadsController#index as */*
  Rendered uploads/index.html.haml within layouts/application (1.0ms)
Completed 200 OK in 7ms (Views: 6.3ms)
DEPRECATION WARNING: @result is deprecated! Call result.nil? instead of @result.nil?. Args: []. (called from service at /Users/jeremyfox/.rvm/rubies/ruby-2.1.3/lib/ruby/2.1.0/webrick/httpserver.rb:138)
DEPRECATION WARNING: @result is deprecated! Call result.nil? instead of @result.nil?. Args: []. (called from service at /Users/jeremyfox/.rvm/rubies/ruby-2.1.3/lib/ruby/2.1.0/webrick/httpserver.rb:138)
DEPRECATION WARNING: @result is deprecated! Call result.respond_to? instead of @result.respond_to?. Args: [:marshal_dump, true]. (called from service at /Users/jeremyfox/.rvm/rubies/ruby-2.1.3/lib/ruby/2.1.0/webrick/httpserver.rb:138)
DEPRECATION WARNING: @result is deprecated! Call result.respond_to? instead of @result.respond_to?. Args: [:_dump, true]. (called from service at /Users/jeremyfox/.rvm/rubies/ruby-2.1.3/lib/ruby/2.1.0/webrick/httpserver.rb:138)


Started GET "/uploads/%2E%2E%2Fconfig%2Finitializers%2Fsecret_token.rb" for 127.0.0.1 at 2015-02-27 15:14:15 +0000
Processing by UploadsController#show as 
  Parameters: {"id"=>"../config/initializers/secret_token"}
Sent file /Users/jeremyfox/Code/security-workshop-bundle/challenges/ultimate-uploader-iv/config/initializers/secret_token.rb (0.1ms)
Completed 200 OK in 1ms


Started GET "/" for 127.0.0.1 at 2015-02-27 15:14:15 +0000
Processing by UploadsController#index as */*
  Rendered uploads/index.html.haml within layouts/application (0.8ms)
Completed 200 OK in 6ms (Views: 5.7ms)


Started GET "/" for 127.0.0.1 at 2015-02-27 15:14:16 +0000
Processing by UploadsController#index as */*
  Rendered uploads/index.html.haml within layouts/application (0.9ms)
Completed 200 OK in 7ms (Views: 6.0ms)
DEPRECATION WARNING: @result is deprecated! Call result.nil? instead of @result.nil?. Args: []. (called from service at /Users/jeremyfox/.rvm/rubies/ruby-2.1.3/lib/ruby/2.1.0/webrick/httpserver.rb:138)
DEPRECATION WARNING: @result is deprecated! Call result.nil? instead of @result.nil?. Args: []. (called from service at /Users/jeremyfox/.rvm/rubies/ruby-2.1.3/lib/ruby/2.1.0/webrick/httpserver.rb:138)
DEPRECATION WARNING: @result is deprecated! Call result.respond_to? instead of @result.respond_to?. Args: [:marshal_dump, true]. (called from service at /Users/jeremyfox/.rvm/rubies/ruby-2.1.3/lib/ruby/2.1.0/webrick/httpserver.rb:138)
DEPRECATION WARNING: @result is deprecated! Call result.respond_to? instead of @result.respond_to?. Args: [:_dump, true]. (called from service at /Users/jeremyfox/.rvm/rubies/ruby-2.1.3/lib/ruby/2.1.0/webrick/httpserver.rb:138)


Started GET "/uploads/%2E%2E%2Fconfig%2Finitializers%2Fsecret_token.rb" for 127.0.0.1 at 2015-02-27 15:16:35 +0000
Processing by UploadsController#show as 
  Parameters: {"id"=>"../config/initializers/secret_token"}
Sent file /Users/jeremyfox/Code/security-workshop-bundle/challenges/ultimate-uploader-iv/config/initializers/secret_token.rb (0.1ms)
Completed 200 OK in 1ms


Started GET "/" for 127.0.0.1 at 2015-02-27 15:16:35 +0000
Processing by UploadsController#index as */*
  Rendered uploads/index.html.haml within layouts/application (0.8ms)
Completed 200 OK in 6ms (Views: 6.1ms)


Started GET "/" for 127.0.0.1 at 2015-02-27 15:16:36 +0000
Processing by UploadsController#index as */*
  Rendered uploads/index.html.haml within layouts/application (0.7ms)
Completed 200 OK in 6ms (Views: 5.7ms)
DEPRECATION WARNING: @result is deprecated! Call result.nil? instead of @result.nil?. Args: []. (called from service at /Users/jeremyfox/.rvm/rubies/ruby-2.1.3/lib/ruby/2.1.0/webrick/httpserver.rb:138)
DEPRECATION WARNING: @result is deprecated! Call result.nil? instead of @result.nil?. Args: []. (called from service at /Users/jeremyfox/.rvm/rubies/ruby-2.1.3/lib/ruby/2.1.0/webrick/httpserver.rb:138)
DEPRECATION WARNING: @result is deprecated! Call result.respond_to? instead of @result.respond_to?. Args: [:marshal_dump, true]. (called from service at /Users/jeremyfox/.rvm/rubies/ruby-2.1.3/lib/ruby/2.1.0/webrick/httpserver.rb:138)
DEPRECATION WARNING: @result is deprecated! Call result.respond_to? instead of @result.respond_to?. Args: [:_dump, true]. (called from service at /Users/jeremyfox/.rvm/rubies/ruby-2.1.3/lib/ruby/2.1.0/webrick/httpserver.rb:138)


Started GET "/uploads/%2E%2E%2Fconfig%2Finitializers%2Fsecret_token.rb" for 127.0.0.1 at 2015-02-27 15:17:44 +0000
Processing by UploadsController#show as 
  Parameters: {"id"=>"../config/initializers/secret_token"}
Sent file /Users/jeremyfox/Code/security-workshop-bundle/challenges/ultimate-uploader-iv/config/initializers/secret_token.rb (0.1ms)
Completed 200 OK in 1ms


Started GET "/" for 127.0.0.1 at 2015-02-27 15:17:44 +0000
Processing by UploadsController#index as */*
  Rendered uploads/index.html.haml within layouts/application (1.2ms)
Completed 200 OK in 9ms (Views: 8.2ms)


Started GET "/" for 127.0.0.1 at 2015-02-27 15:17:44 +0000
Processing by UploadsController#index as */*
  Rendered uploads/index.html.haml within layouts/application (0.7ms)
Completed 200 OK in 6ms (Views: 5.9ms)
DEPRECATION WARNING: @result is deprecated! Call result.nil? instead of @result.nil?. Args: []. (called from service at /Users/jeremyfox/.rvm/rubies/ruby-2.1.3/lib/ruby/2.1.0/webrick/httpserver.rb:138)
DEPRECATION WARNING: @result is deprecated! Call result.nil? instead of @result.nil?. Args: []. (called from service at /Users/jeremyfox/.rvm/rubies/ruby-2.1.3/lib/ruby/2.1.0/webrick/httpserver.rb:138)
DEPRECATION WARNING: @result is deprecated! Call result.respond_to? instead of @result.respond_to?. Args: [:marshal_dump, true]. (called from service at /Users/jeremyfox/.rvm/rubies/ruby-2.1.3/lib/ruby/2.1.0/webrick/httpserver.rb:138)
DEPRECATION WARNING: @result is deprecated! Call result.respond_to? instead of @result.respond_to?. Args: [:_dump, true]. (called from service at /Users/jeremyfox/.rvm/rubies/ruby-2.1.3/lib/ruby/2.1.0/webrick/httpserver.rb:138)


Started GET "/uploads/%2E%2E%2Fconfig%2Finitializers%2Fsecret_token.rb" for 127.0.0.1 at 2015-02-27 15:17:58 +0000
Processing by UploadsController#show as 
  Parameters: {"id"=>"../config/initializers/secret_token"}
Sent file /Users/jeremyfox/Code/security-workshop-bundle/challenges/ultimate-uploader-iv/config/initializers/secret_token.rb (0.1ms)
Completed 200 OK in 1ms


Started GET "/" for 127.0.0.1 at 2015-02-27 15:17:58 +0000
Processing by UploadsController#index as */*
  Rendered uploads/index.html.haml within layouts/application (0.9ms)
Completed 200 OK in 6ms (Views: 6.2ms)


Started GET "/" for 127.0.0.1 at 2015-02-27 15:17:58 +0000
Processing by UploadsController#index as */*
  Rendered uploads/index.html.haml within layouts/application (0.7ms)
Completed 200 OK in 7ms (Views: 6.3ms)
DEPRECATION WARNING: @result is deprecated! Call result.nil? instead of @result.nil?. Args: []. (called from service at /Users/jeremyfox/.rvm/rubies/ruby-2.1.3/lib/ruby/2.1.0/webrick/httpserver.rb:138)
DEPRECATION WARNING: @result is deprecated! Call result.nil? instead of @result.nil?. Args: []. (called from service at /Users/jeremyfox/.rvm/rubies/ruby-2.1.3/lib/ruby/2.1.0/webrick/httpserver.rb:138)
DEPRECATION WARNING: @result is deprecated! Call result.respond_to? instead of @result.respond_to?. Args: [:marshal_dump, true]. (called from service at /Users/jeremyfox/.rvm/rubies/ruby-2.1.3/lib/ruby/2.1.0/webrick/httpserver.rb:138)
DEPRECATION WARNING: @result is deprecated! Call result.respond_to? instead of @result.respond_to?. Args: [:_dump, true]. (called from service at /Users/jeremyfox/.rvm/rubies/ruby-2.1.3/lib/ruby/2.1.0/webrick/httpserver.rb:138)


Started GET "/uploads/%2E%2E%2Fconfig%2Finitializers%2Fsecret_token.rb" for 127.0.0.1 at 2015-02-27 15:18:16 +0000
Processing by UploadsController#show as 
  Parameters: {"id"=>"../config/initializers/secret_token"}
Sent file /Users/jeremyfox/Code/security-workshop-bundle/challenges/ultimate-uploader-iv/config/initializers/secret_token.rb (0.1ms)
Completed 200 OK in 1ms


Started GET "/" for 127.0.0.1 at 2015-02-27 15:18:16 +0000
Processing by UploadsController#index as */*
  Rendered uploads/index.html.haml within layouts/application (0.9ms)
Completed 200 OK in 7ms (Views: 6.3ms)


Started GET "/" for 127.0.0.1 at 2015-02-27 15:18:16 +0000
Processing by UploadsController#index as */*
  Rendered uploads/index.html.haml within layouts/application (0.9ms)
Completed 200 OK in 7ms (Views: 6.6ms)
DEPRECATION WARNING: @result is deprecated! Call result.nil? instead of @result.nil?. Args: []. (called from service at /Users/jeremyfox/.rvm/rubies/ruby-2.1.3/lib/ruby/2.1.0/webrick/httpserver.rb:138)
DEPRECATION WARNING: @result is deprecated! Call result.nil? instead of @result.nil?. Args: []. (called from service at /Users/jeremyfox/.rvm/rubies/ruby-2.1.3/lib/ruby/2.1.0/webrick/httpserver.rb:138)
DEPRECATION WARNING: @result is deprecated! Call result.respond_to? instead of @result.respond_to?. Args: [:marshal_dump, true]. (called from service at /Users/jeremyfox/.rvm/rubies/ruby-2.1.3/lib/ruby/2.1.0/webrick/httpserver.rb:138)
DEPRECATION WARNING: @result is deprecated! Call result.respond_to? instead of @result.respond_to?. Args: [:_dump, true]. (called from service at /Users/jeremyfox/.rvm/rubies/ruby-2.1.3/lib/ruby/2.1.0/webrick/httpserver.rb:138)


Started GET "/uploads/%2E%2E%2Fconfig%2Finitializers%2Fsecret_token.rb" for 127.0.0.1 at 2015-02-27 15:19:09 +0000
Processing by UploadsController#show as 
  Parameters: {"id"=>"../config/initializers/secret_token"}
Sent file /Users/jeremyfox/Code/security-workshop-bundle/challenges/ultimate-uploader-iv/config/initializers/secret_token.rb (0.1ms)
Completed 200 OK in 1ms


Started GET "/" for 127.0.0.1 at 2015-02-27 15:19:09 +0000
Processing by UploadsController#index as */*
  Rendered uploads/index.html.haml within layouts/application (1.1ms)
Completed 200 OK in 7ms (Views: 6.4ms)


Started GET "/" for 127.0.0.1 at 2015-02-27 15:19:09 +0000
Processing by UploadsController#index as */*
  Rendered uploads/index.html.haml within layouts/application (1.0ms)
Completed 200 OK in 7ms (Views: 6.5ms)
DEPRECATION WARNING: @result is deprecated! Call result.nil? instead of @result.nil?. Args: []. (called from service at /Users/jeremyfox/.rvm/rubies/ruby-2.1.3/lib/ruby/2.1.0/webrick/httpserver.rb:138)
DEPRECATION WARNING: @result is deprecated! Call result.nil? instead of @result.nil?. Args: []. (called from service at /Users/jeremyfox/.rvm/rubies/ruby-2.1.3/lib/ruby/2.1.0/webrick/httpserver.rb:138)
DEPRECATION WARNING: @result is deprecated! Call result.respond_to? instead of @result.respond_to?. Args: [:marshal_dump, true]. (called from service at /Users/jeremyfox/.rvm/rubies/ruby-2.1.3/lib/ruby/2.1.0/webrick/httpserver.rb:138)
DEPRECATION WARNING: @result is deprecated! Call result.respond_to? instead of @result.respond_to?. Args: [:_dump, true]. (called from service at /Users/jeremyfox/.rvm/rubies/ruby-2.1.3/lib/ruby/2.1.0/webrick/httpserver.rb:138)


Started GET "/uploads/%2E%2E%2Fconfig%2Finitializers%2Fsecret_token.rb" for 127.0.0.1 at 2015-02-27 15:20:09 +0000
Processing by UploadsController#show as 
  Parameters: {"id"=>"../config/initializers/secret_token"}
Sent file /Users/jeremyfox/Code/security-workshop-bundle/challenges/ultimate-uploader-iv/config/initializers/secret_token.rb (0.1ms)
Completed 200 OK in 1ms


Started GET "/" for 127.0.0.1 at 2015-02-27 15:20:09 +0000
Processing by UploadsController#index as */*
  Rendered uploads/index.html.haml within layouts/application (1.0ms)
Completed 200 OK in 6ms (Views: 6.2ms)


Started GET "/" for 127.0.0.1 at 2015-02-27 15:20:09 +0000
Processing by UploadsController#index as */*
  Rendered uploads/index.html.haml within layouts/application (0.7ms)
Completed 200 OK in 6ms (Views: 5.7ms)
DEPRECATION WARNING: @result is deprecated! Call result.nil? instead of @result.nil?. Args: []. (called from service at /Users/jeremyfox/.rvm/rubies/ruby-2.1.3/lib/ruby/2.1.0/webrick/httpserver.rb:138)
DEPRECATION WARNING: @result is deprecated! Call result.nil? instead of @result.nil?. Args: []. (called from service at /Users/jeremyfox/.rvm/rubies/ruby-2.1.3/lib/ruby/2.1.0/webrick/httpserver.rb:138)
DEPRECATION WARNING: @result is deprecated! Call result.respond_to? instead of @result.respond_to?. Args: [:marshal_dump, true]. (called from service at /Users/jeremyfox/.rvm/rubies/ruby-2.1.3/lib/ruby/2.1.0/webrick/httpserver.rb:138)
DEPRECATION WARNING: @result is deprecated! Call result.respond_to? instead of @result.respond_to?. Args: [:_dump, true]. (called from service at /Users/jeremyfox/.rvm/rubies/ruby-2.1.3/lib/ruby/2.1.0/webrick/httpserver.rb:138)


Started GET "/uploads/%2E%2E%2Fconfig%2Finitializers%2Fsecret_token.rb" for 127.0.0.1 at 2015-02-27 15:22:39 +0000
Processing by UploadsController#show as 
  Parameters: {"id"=>"../config/initializers/secret_token"}
Sent file /Users/jeremyfox/Code/security-workshop-bundle/challenges/ultimate-uploader-iv/config/initializers/secret_token.rb (0.1ms)
Completed 200 OK in 1ms


Started GET "/" for 127.0.0.1 at 2015-02-27 15:22:39 +0000
Processing by UploadsController#index as */*
  Rendered uploads/index.html.haml within layouts/application (1.0ms)
Completed 200 OK in 7ms (Views: 6.7ms)


Started GET "/" for 127.0.0.1 at 2015-02-27 15:22:40 +0000
Processing by UploadsController#index as */*
  Rendered uploads/index.html.haml within layouts/application (0.6ms)
Completed 200 OK in 6ms (Views: 5.7ms)
DEPRECATION WARNING: @result is deprecated! Call result.nil? instead of @result.nil?. Args: []. (called from service at /Users/jeremyfox/.rvm/rubies/ruby-2.1.3/lib/ruby/2.1.0/webrick/httpserver.rb:138)
DEPRECATION WARNING: @result is deprecated! Call result.nil? instead of @result.nil?. Args: []. (called from service at /Users/jeremyfox/.rvm/rubies/ruby-2.1.3/lib/ruby/2.1.0/webrick/httpserver.rb:138)
DEPRECATION WARNING: @result is deprecated! Call result.respond_to? instead of @result.respond_to?. Args: [:marshal_dump, true]. (called from service at /Users/jeremyfox/.rvm/rubies/ruby-2.1.3/lib/ruby/2.1.0/webrick/httpserver.rb:138)
DEPRECATION WARNING: @result is deprecated! Call result.respond_to? instead of @result.respond_to?. Args: [:_dump, true]. (called from service at /Users/jeremyfox/.rvm/rubies/ruby-2.1.3/lib/ruby/2.1.0/webrick/httpserver.rb:138)


Started GET "/uploads/%2E%2E%2Fconfig%2Finitializers%2Fsecret_token.rb" for 127.0.0.1 at 2015-02-27 15:23:51 +0000
Processing by UploadsController#show as 
  Parameters: {"id"=>"../config/initializers/secret_token"}
Sent file /Users/jeremyfox/Code/security-workshop-bundle/challenges/ultimate-uploader-iv/config/initializers/secret_token.rb (0.1ms)
Completed 200 OK in 1ms


Started GET "/" for 127.0.0.1 at 2015-02-27 15:23:51 +0000
Processing by UploadsController#index as */*
  Rendered uploads/index.html.haml within layouts/application (1.1ms)
Completed 200 OK in 7ms (Views: 6.6ms)


Started GET "/" for 127.0.0.1 at 2015-02-27 15:23:51 +0000
Processing by UploadsController#index as */*
  Rendered uploads/index.html.haml within layouts/application (0.8ms)
Completed 200 OK in 7ms (Views: 6.2ms)
DEPRECATION WARNING: @result is deprecated! Call result.nil? instead of @result.nil?. Args: []. (called from service at /Users/jeremyfox/.rvm/rubies/ruby-2.1.3/lib/ruby/2.1.0/webrick/httpserver.rb:138)
DEPRECATION WARNING: @result is deprecated! Call result.nil? instead of @result.nil?. Args: []. (called from service at /Users/jeremyfox/.rvm/rubies/ruby-2.1.3/lib/ruby/2.1.0/webrick/httpserver.rb:138)
DEPRECATION WARNING: @result is deprecated! Call result.respond_to? instead of @result.respond_to?. Args: [:marshal_dump, true]. (called from service at /Users/jeremyfox/.rvm/rubies/ruby-2.1.3/lib/ruby/2.1.0/webrick/httpserver.rb:138)
DEPRECATION WARNING: @result is deprecated! Call result.respond_to? instead of @result.respond_to?. Args: [:_dump, true]. (called from service at /Users/jeremyfox/.rvm/rubies/ruby-2.1.3/lib/ruby/2.1.0/webrick/httpserver.rb:138)


Started GET "/uploads/%2E%2E%2Fconfig%2Finitializers%2Fsecret_token.rb" for 127.0.0.1 at 2015-02-27 15:24:15 +0000
Processing by UploadsController#show as 
  Parameters: {"id"=>"../config/initializers/secret_token"}
Sent file /Users/jeremyfox/Code/security-workshop-bundle/challenges/ultimate-uploader-iv/config/initializers/secret_token.rb (0.1ms)
Completed 200 OK in 1ms


Started GET "/" for 127.0.0.1 at 2015-02-27 15:24:15 +0000
Processing by UploadsController#index as */*
  Rendered uploads/index.html.haml within layouts/application (0.9ms)
Completed 200 OK in 6ms (Views: 6.1ms)


Started GET "/" for 127.0.0.1 at 2015-02-27 15:24:15 +0000
Processing by UploadsController#index as */*
  Rendered uploads/index.html.haml within layouts/application (1.0ms)
Completed 200 OK in 7ms (Views: 6.4ms)
DEPRECATION WARNING: @result is deprecated! Call result.nil? instead of @result.nil?. Args: []. (called from service at /Users/jeremyfox/.rvm/rubies/ruby-2.1.3/lib/ruby/2.1.0/webrick/httpserver.rb:138)
DEPRECATION WARNING: @result is deprecated! Call result.nil? instead of @result.nil?. Args: []. (called from service at /Users/jeremyfox/.rvm/rubies/ruby-2.1.3/lib/ruby/2.1.0/webrick/httpserver.rb:138)
DEPRECATION WARNING: @result is deprecated! Call result.respond_to? instead of @result.respond_to?. Args: [:marshal_dump, true]. (called from service at /Users/jeremyfox/.rvm/rubies/ruby-2.1.3/lib/ruby/2.1.0/webrick/httpserver.rb:138)
DEPRECATION WARNING: @result is deprecated! Call result.respond_to? instead of @result.respond_to?. Args: [:_dump, true]. (called from service at /Users/jeremyfox/.rvm/rubies/ruby-2.1.3/lib/ruby/2.1.0/webrick/httpserver.rb:138)


Started GET "/uploads/%2E%2E%2Fconfig%2Finitializers%2Fsecret_token.rb" for 127.0.0.1 at 2015-02-27 15:24:30 +0000
Processing by UploadsController#show as 
  Parameters: {"id"=>"../config/initializers/secret_token"}
Sent file /Users/jeremyfox/Code/security-workshop-bundle/challenges/ultimate-uploader-iv/config/initializers/secret_token.rb (0.1ms)
Completed 200 OK in 1ms


Started GET "/" for 127.0.0.1 at 2015-02-27 15:24:30 +0000
Processing by UploadsController#index as */*
  Rendered uploads/index.html.haml within layouts/application (0.9ms)
Completed 200 OK in 6ms (Views: 6.0ms)


Started GET "/" for 127.0.0.1 at 2015-02-27 15:24:30 +0000
Processing by UploadsController#index as */*
  Rendered uploads/index.html.haml within layouts/application (0.8ms)
Completed 200 OK in 7ms (Views: 6.0ms)
DEPRECATION WARNING: @result is deprecated! Call result.nil? instead of @result.nil?. Args: []. (called from service at /Users/jeremyfox/.rvm/rubies/ruby-2.1.3/lib/ruby/2.1.0/webrick/httpserver.rb:138)
DEPRECATION WARNING: @result is deprecated! Call result.nil? instead of @result.nil?. Args: []. (called from service at /Users/jeremyfox/.rvm/rubies/ruby-2.1.3/lib/ruby/2.1.0/webrick/httpserver.rb:138)
DEPRECATION WARNING: @result is deprecated! Call result.respond_to? instead of @result.respond_to?. Args: [:marshal_dump, true]. (called from service at /Users/jeremyfox/.rvm/rubies/ruby-2.1.3/lib/ruby/2.1.0/webrick/httpserver.rb:138)
DEPRECATION WARNING: @result is deprecated! Call result.respond_to? instead of @result.respond_to?. Args: [:_dump, true]. (called from service at /Users/jeremyfox/.rvm/rubies/ruby-2.1.3/lib/ruby/2.1.0/webrick/httpserver.rb:138)


Started GET "/uploads/%2E%2E%2Fconfig%2Finitializers%2Fsecret_token.rb" for 127.0.0.1 at 2015-02-27 15:25:06 +0000
Processing by UploadsController#show as 
  Parameters: {"id"=>"../config/initializers/secret_token"}
Sent file /Users/jeremyfox/Code/security-workshop-bundle/challenges/ultimate-uploader-iv/config/initializers/secret_token.rb (0.1ms)
Completed 200 OK in 1ms


Started GET "/" for 127.0.0.1 at 2015-02-27 15:25:06 +0000
Processing by UploadsController#index as */*
  Rendered uploads/index.html.haml within layouts/application (0.8ms)
Completed 200 OK in 6ms (Views: 6.1ms)


Started GET "/" for 127.0.0.1 at 2015-02-27 15:25:06 +0000
Processing by UploadsController#index as */*
  Rendered uploads/index.html.haml within layouts/application (0.8ms)
Completed 200 OK in 6ms (Views: 5.7ms)
DEPRECATION WARNING: @result is deprecated! Call result.nil? instead of @result.nil?. Args: []. (called from service at /Users/jeremyfox/.rvm/rubies/ruby-2.1.3/lib/ruby/2.1.0/webrick/httpserver.rb:138)
DEPRECATION WARNING: @result is deprecated! Call result.nil? instead of @result.nil?. Args: []. (called from service at /Users/jeremyfox/.rvm/rubies/ruby-2.1.3/lib/ruby/2.1.0/webrick/httpserver.rb:138)
DEPRECATION WARNING: @result is deprecated! Call result.respond_to? instead of @result.respond_to?. Args: [:marshal_dump, true]. (called from service at /Users/jeremyfox/.rvm/rubies/ruby-2.1.3/lib/ruby/2.1.0/webrick/httpserver.rb:138)
DEPRECATION WARNING: @result is deprecated! Call result.respond_to? instead of @result.respond_to?. Args: [:_dump, true]. (called from service at /Users/jeremyfox/.rvm/rubies/ruby-2.1.3/lib/ruby/2.1.0/webrick/httpserver.rb:138)


Started GET "/uploads/%2E%2E%2Fconfig%2Finitializers%2Fsecret_token.rb" for 127.0.0.1 at 2015-02-27 15:25:47 +0000
Processing by UploadsController#show as 
  Parameters: {"id"=>"../config/initializers/secret_token"}
Sent file /Users/jeremyfox/Code/security-workshop-bundle/challenges/ultimate-uploader-iv/config/initializers/secret_token.rb (0.1ms)
Completed 200 OK in 1ms


Started GET "/" for 127.0.0.1 at 2015-02-27 15:25:47 +0000
Processing by UploadsController#index as */*
  Rendered uploads/index.html.haml within layouts/application (0.9ms)
Completed 200 OK in 6ms (Views: 6.2ms)


Started GET "/uploads/%2E%2E%2Fconfig%2Finitializers%2Fsecret_token.rb" for 127.0.0.1 at 2015-02-27 15:25:57 +0000
Processing by UploadsController#show as 
  Parameters: {"id"=>"../config/initializers/secret_token"}
Sent file /Users/jeremyfox/Code/security-workshop-bundle/challenges/ultimate-uploader-iv/config/initializers/secret_token.rb (0.1ms)
Completed 200 OK in 1ms


Started GET "/" for 127.0.0.1 at 2015-02-27 15:25:57 +0000
Processing by UploadsController#index as */*
  Rendered uploads/index.html.haml within layouts/application (0.8ms)
Completed 200 OK in 6ms (Views: 5.8ms)


Started GET "/" for 127.0.0.1 at 2015-02-27 15:25:57 +0000
Processing by UploadsController#index as */*
  Rendered uploads/index.html.haml within layouts/application (0.9ms)
Completed 200 OK in 7ms (Views: 6.2ms)
DEPRECATION WARNING: @result is deprecated! Call result.nil? instead of @result.nil?. Args: []. (called from service at /Users/jeremyfox/.rvm/rubies/ruby-2.1.3/lib/ruby/2.1.0/webrick/httpserver.rb:138)
DEPRECATION WARNING: @result is deprecated! Call result.nil? instead of @result.nil?. Args: []. (called from service at /Users/jeremyfox/.rvm/rubies/ruby-2.1.3/lib/ruby/2.1.0/webrick/httpserver.rb:138)
DEPRECATION WARNING: @result is deprecated! Call result.respond_to? instead of @result.respond_to?. Args: [:marshal_dump, true]. (called from service at /Users/jeremyfox/.rvm/rubies/ruby-2.1.3/lib/ruby/2.1.0/webrick/httpserver.rb:138)
DEPRECATION WARNING: @result is deprecated! Call result.respond_to? instead of @result.respond_to?. Args: [:_dump, true]. (called from service at /Users/jeremyfox/.rvm/rubies/ruby-2.1.3/lib/ruby/2.1.0/webrick/httpserver.rb:138)


Started GET "/uploads/%2E%2E%2Fconfig%2Finitializers%2Fsecret_token.rb" for 127.0.0.1 at 2015-02-27 15:27:27 +0000
Processing by UploadsController#show as 
  Parameters: {"id"=>"../config/initializers/secret_token"}
Sent file /Users/jeremyfox/Code/security-workshop-bundle/challenges/ultimate-uploader-iv/config/initializers/secret_token.rb (0.1ms)
Completed 200 OK in 1ms


Started GET "/" for 127.0.0.1 at 2015-02-27 15:27:27 +0000
Processing by UploadsController#index as */*
  Rendered uploads/index.html.haml within layouts/application (0.9ms)
Completed 200 OK in 7ms (Views: 6.6ms)


Started GET "/" for 127.0.0.1 at 2015-02-27 15:27:27 +0000
Processing by UploadsController#index as */*
  Rendered uploads/index.html.haml within layouts/application (1.1ms)
Completed 200 OK in 8ms (Views: 7.2ms)
DEPRECATION WARNING: @result is deprecated! Call result.nil? instead of @result.nil?. Args: []. (called from service at /Users/jeremyfox/.rvm/rubies/ruby-2.1.3/lib/ruby/2.1.0/webrick/httpserver.rb:138)
DEPRECATION WARNING: @result is deprecated! Call result.nil? instead of @result.nil?. Args: []. (called from service at /Users/jeremyfox/.rvm/rubies/ruby-2.1.3/lib/ruby/2.1.0/webrick/httpserver.rb:138)
DEPRECATION WARNING: @result is deprecated! Call result.respond_to? instead of @result.respond_to?. Args: [:marshal_dump, true]. (called from service at /Users/jeremyfox/.rvm/rubies/ruby-2.1.3/lib/ruby/2.1.0/webrick/httpserver.rb:138)
DEPRECATION WARNING: @result is deprecated! Call result.respond_to? instead of @result.respond_to?. Args: [:_dump, true]. (called from service at /Users/jeremyfox/.rvm/rubies/ruby-2.1.3/lib/ruby/2.1.0/webrick/httpserver.rb:138)
