

Started GET "/" for 127.0.0.1 at 2015-02-19 12:41:11 +0000
Processing by UploadsController#index as HTML
  Rendered uploads/index.html.haml within layouts/application (4.4ms)
Completed 200 OK in 563ms (Views: 555.6ms)


Started GET "/assets/application.css?body=1" for 127.0.0.1 at 2015-02-19 12:41:12 +0000


Started GET "/assets/jquery.js?body=1" for 127.0.0.1 at 2015-02-19 12:41:12 +0000


Started GET "/assets/jquery_ujs.js?body=1" for 127.0.0.1 at 2015-02-19 12:41:12 +0000


Started GET "/assets/application.js?body=1" for 127.0.0.1 at 2015-02-19 12:41:12 +0000


Started GET "/assets/turbolinks.js?body=1" for 127.0.0.1 at 2015-02-19 12:41:12 +0000


Started GET "/uploads/%2E%2E%2Fconfig%2Finitializers%2Fsecret_token.rb" for 127.0.0.1 at 2015-02-19 12:41:26 +0000
Processing by UploadsController#show as 
  Parameters: {"id"=>"../config/initializers/secret_token"}
Sent file /Users/jeremyfox/Code/security-workshop-bundle/challenges/ultimate-uploader-ii/config/initializers/secret_token.rb (0.1ms)
Completed 200 OK in 1ms


Started GET "/" for 127.0.0.1 at 2015-02-19 13:16:51 +0000
Processing by UploadsController#index as HTML
  Rendered uploads/index.html.haml within layouts/application (0.9ms)
Completed 200 OK in 7ms (Views: 5.1ms)


Started GET "/assets/application.css?body=1" for 127.0.0.1 at 2015-02-19 13:16:51 +0000


Started GET "/assets/jquery.js?body=1" for 127.0.0.1 at 2015-02-19 13:16:51 +0000


Started GET "/assets/jquery_ujs.js?body=1" for 127.0.0.1 at 2015-02-19 13:16:51 +0000


Started GET "/assets/turbolinks.js?body=1" for 127.0.0.1 at 2015-02-19 13:16:51 +0000


Started GET "/assets/application.js?body=1" for 127.0.0.1 at 2015-02-19 13:16:51 +0000


Started GET "/uploads/..%2Fconfig%2Finitializers%2Fsecret_token.rb" for 127.0.0.1 at 2015-02-26 17:37:49 +0000

ActionController::RoutingError (No route matches [GET] "/uploads/..%2Fconfig%2Finitializers%2Fsecret_token.rb"):
  actionpack (4.1.6) lib/action_dispatch/middleware/debug_exceptions.rb:21:in `call'
  actionpack (4.1.6) lib/action_dispatch/middleware/show_exceptions.rb:30:in `call'
  railties (4.1.6) lib/rails/rack/logger.rb:38:in `call_app'
  railties (4.1.6) lib/rails/rack/logger.rb:20:in `block in call'
  activesupport (4.1.6) lib/active_support/tagged_logging.rb:68:in `block in tagged'
  activesupport (4.1.6) lib/active_support/tagged_logging.rb:26:in `tagged'
  activesupport (4.1.6) lib/active_support/tagged_logging.rb:68:in `tagged'
  railties (4.1.6) lib/rails/rack/logger.rb:20:in `call'
  actionpack (4.1.6) lib/action_dispatch/middleware/request_id.rb:21:in `call'
  rack (1.5.2) lib/rack/methodoverride.rb:21:in `call'
  rack (1.5.2) lib/rack/runtime.rb:17:in `call'
  activesupport (4.1.6) lib/active_support/cache/strategy/local_cache_middleware.rb:26:in `call'
  rack (1.5.2) lib/rack/lock.rb:17:in `call'
  actionpack (4.1.6) lib/action_dispatch/middleware/static.rb:64:in `call'
  rack (1.5.2) lib/rack/sendfile.rb:112:in `call'
  railties (4.1.6) lib/rails/engine.rb:514:in `call'
  railties (4.1.6) lib/rails/application.rb:144:in `call'
  rack (1.5.2) lib/rack/lock.rb:17:in `call'
  rack (1.5.2) lib/rack/content_length.rb:14:in `call'
  rack (1.5.2) lib/rack/handler/webrick.rb:60:in `service'
  /Users/jeremyfox/.rvm/rubies/ruby-2.1.3/lib/ruby/2.1.0/webrick/httpserver.rb:138:in `service'
  /Users/jeremyfox/.rvm/rubies/ruby-2.1.3/lib/ruby/2.1.0/webrick/httpserver.rb:94:in `run'
  /Users/jeremyfox/.rvm/rubies/ruby-2.1.3/lib/ruby/2.1.0/webrick/server.rb:295:in `block in start_thread'




Started GET "/" for 127.0.0.1 at 2015-02-26 17:37:53 +0000
Processing by UploadsController#index as HTML
  Rendered uploads/index.html.haml within layouts/application (2.6ms)
Completed 200 OK in 32ms (Views: 25.2ms)


Started GET "/assets/application.css?body=1" for 127.0.0.1 at 2015-02-26 17:37:53 +0000


Started GET "/assets/jquery.js?body=1" for 127.0.0.1 at 2015-02-26 17:37:53 +0000


Started GET "/assets/jquery_ujs.js?body=1" for 127.0.0.1 at 2015-02-26 17:37:53 +0000


Started GET "/assets/turbolinks.js?body=1" for 127.0.0.1 at 2015-02-26 17:37:53 +0000


Started GET "/assets/application.js?body=1" for 127.0.0.1 at 2015-02-26 17:37:53 +0000


Started GET "/uploads/%2E%2E%2Fconfig%2Finitializers%2Fsecret_token.rb" for 127.0.0.1 at 2015-02-26 17:38:15 +0000
Processing by UploadsController#show as 
  Parameters: {"id"=>"../config/initializers/secret_token"}
Sent file /Users/jeremyfox/Code/security-workshop-bundle/challenges/ultimate-uploader-ii/config/initializers/secret_token.rb (0.1ms)
Completed 200 OK in 0ms


Started GET "/uploads/%2E%2E%2Fconfig%2Finitializers%2Fsecret_token.rb" for 127.0.0.1 at 2015-02-26 17:42:16 +0000
Processing by UploadsController#show as 
  Parameters: {"id"=>"../config/initializers/secret_token"}
Sent file /Users/jeremyfox/Code/security-workshop-bundle/challenges/ultimate-uploader-ii/config/initializers/secret_token.rb (0.0ms)
Completed 200 OK in 0ms


Started GET "/uploads/%2E%2E%2Fconfig%2Finitializers%2Fsecret_token.rb" for 127.0.0.1 at 2015-02-26 17:42:34 +0000
Processing by UploadsController#show as 
  Parameters: {"id"=>"../config/initializers/secret_token"}
Sent file /Users/jeremyfox/Code/security-workshop-bundle/challenges/ultimate-uploader-ii/config/initializers/secret_token.rb (0.0ms)
Completed 200 OK in 0ms


Started GET "/" for 127.0.0.1 at 2015-02-26 17:43:10 +0000
Processing by UploadsController#index as HTML
  Rendered uploads/index.html.haml within layouts/application (0.7ms)
Completed 200 OK in 4ms (Views: 3.5ms)


Started GET "/assets/application.css?body=1" for 127.0.0.1 at 2015-02-26 17:43:10 +0000


Started GET "/assets/jquery_ujs.js?body=1" for 127.0.0.1 at 2015-02-26 17:43:10 +0000


Started GET "/assets/jquery.js?body=1" for 127.0.0.1 at 2015-02-26 17:43:10 +0000


Started GET "/assets/turbolinks.js?body=1" for 127.0.0.1 at 2015-02-26 17:43:10 +0000


Started GET "/assets/application.js?body=1" for 127.0.0.1 at 2015-02-26 17:43:10 +0000


Started GET "/uploads/%2E%2E%2Fconfig%2Finitializers%2Fsecret_token.rb" for 127.0.0.1 at 2015-02-26 17:45:04 +0000
Processing by UploadsController#show as 
  Parameters: {"id"=>"../config/initializers/secret_token"}
Sent file /Users/jeremyfox/Code/security-workshop-bundle/challenges/ultimate-uploader-ii/config/initializers/secret_token.rb (0.1ms)
Completed 200 OK in 0ms


Started GET "/uploads/%2E%2E%2Fconfig%2Finitializers%2Fsecret_token.rb" for 127.0.0.1 at 2015-02-26 17:46:01 +0000
Processing by UploadsController#show as 
  Parameters: {"id"=>"../config/initializers/secret_token"}
Sent file /Users/jeremyfox/Code/security-workshop-bundle/challenges/ultimate-uploader-ii/config/initializers/secret_token.rb (0.0ms)
Completed 200 OK in 0ms


Started GET "/uploads/%2E%2E%2Fconfig%2Finitializers%2Fsecret_token.rb" for 127.0.0.1 at 2015-02-26 17:46:14 +0000
Processing by UploadsController#show as 
  Parameters: {"id"=>"../config/initializers/secret_token"}
Sent file /Users/jeremyfox/Code/security-workshop-bundle/challenges/ultimate-uploader-ii/config/initializers/secret_token.rb (0.0ms)
Completed 200 OK in 0ms


Started GET "/" for 127.0.0.1 at 2015-02-26 17:46:14 +0000
Processing by UploadsController#index as */*
  Rendered uploads/index.html.haml within layouts/application (1.8ms)
Completed 200 OK in 8ms (Views: 7.4ms)


Started GET "/uploads/%2E%2E%2Fconfig%2Finitializers%2Fsecret_token.rb" for 127.0.0.1 at 2015-02-26 17:46:32 +0000
Processing by UploadsController#show as 
  Parameters: {"id"=>"../config/initializers/secret_token"}
Sent file /Users/jeremyfox/Code/security-workshop-bundle/challenges/ultimate-uploader-ii/config/initializers/secret_token.rb (0.1ms)
Completed 200 OK in 0ms


Started GET "/" for 127.0.0.1 at 2015-02-26 17:46:32 +0000
Processing by UploadsController#index as */*
  Rendered uploads/index.html.haml within layouts/application (0.7ms)
Completed 200 OK in 6ms (Views: 5.7ms)


Started GET "/uploads/%2E%2E%2Fconfig%2Finitializers%2Fsecret_token.rb" for 127.0.0.1 at 2015-02-26 17:53:38 +0000
Processing by UploadsController#show as 
  Parameters: {"id"=>"../config/initializers/secret_token"}
Sent file /Users/jeremyfox/Code/security-workshop-bundle/challenges/ultimate-uploader-ii/config/initializers/secret_token.rb (0.1ms)
Completed 200 OK in 1ms


Started GET "/" for 127.0.0.1 at 2015-02-26 17:53:38 +0000
Processing by UploadsController#index as */*
  Rendered uploads/index.html.haml within layouts/application (0.7ms)
Completed 200 OK in 6ms (Views: 5.6ms)


Started GET "/uploads/%2E%2E%2Fconfig%2Finitializers%2Fsecret_token.rb" for 127.0.0.1 at 2015-02-26 17:53:56 +0000
Processing by UploadsController#show as 
  Parameters: {"id"=>"../config/initializers/secret_token"}
Sent file /Users/jeremyfox/Code/security-workshop-bundle/challenges/ultimate-uploader-ii/config/initializers/secret_token.rb (0.1ms)
Completed 200 OK in 3ms


Started GET "/" for 127.0.0.1 at 2015-02-26 17:53:56 +0000
Processing by UploadsController#index as */*
  Rendered uploads/index.html.haml within layouts/application (0.6ms)
Completed 200 OK in 6ms (Views: 5.6ms)


Started GET "/uploads/%2E%2E%2Fconfig%2Finitializers%2Fsecret_token.rb" for 127.0.0.1 at 2015-02-26 17:58:42 +0000
Processing by UploadsController#show as 
  Parameters: {"id"=>"../config/initializers/secret_token"}
Sent file /Users/jeremyfox/Code/security-workshop-bundle/challenges/ultimate-uploader-ii/config/initializers/secret_token.rb (0.0ms)
Completed 200 OK in 0ms


Started GET "/" for 127.0.0.1 at 2015-02-26 17:58:42 +0000
Processing by UploadsController#index as */*
  Rendered uploads/index.html.haml within layouts/application (0.7ms)
Completed 200 OK in 6ms (Views: 5.6ms)


Started GET "/uploads/%2E%2E%2Fconfig%2Finitializers%2Fsecret_token.rb" for 127.0.0.1 at 2015-02-26 17:58:58 +0000
Processing by UploadsController#show as 
  Parameters: {"id"=>"../config/initializers/secret_token"}
Sent file /Users/jeremyfox/Code/security-workshop-bundle/challenges/ultimate-uploader-ii/config/initializers/secret_token.rb (0.1ms)
Completed 200 OK in 0ms


Started GET "/" for 127.0.0.1 at 2015-02-26 17:58:58 +0000
Processing by UploadsController#index as */*
  Rendered uploads/index.html.haml within layouts/application (0.7ms)
Completed 200 OK in 6ms (Views: 5.9ms)


Started GET "/uploads/%2E%2E%2Fconfig%2Finitializers%2Fsecret_token.rb" for 127.0.0.1 at 2015-02-26 17:59:19 +0000
Processing by UploadsController#show as 
  Parameters: {"id"=>"../config/initializers/secret_token"}
Sent file /Users/jeremyfox/Code/security-workshop-bundle/challenges/ultimate-uploader-ii/config/initializers/secret_token.rb (0.1ms)
Completed 200 OK in 0ms


Started GET "/" for 127.0.0.1 at 2015-02-26 17:59:19 +0000
Processing by UploadsController#index as */*
  Rendered uploads/index.html.haml within layouts/application (0.8ms)
Completed 200 OK in 6ms (Views: 6.0ms)


Started GET "/uploads/%2E%2E%2Fconfig%2Finitializers%2Fsecret_token.rb" for 127.0.0.1 at 2015-02-26 17:59:36 +0000
Processing by UploadsController#show as 
  Parameters: {"id"=>"../config/initializers/secret_token"}
Sent file /Users/jeremyfox/Code/security-workshop-bundle/challenges/ultimate-uploader-ii/config/initializers/secret_token.rb (0.1ms)
Completed 200 OK in 0ms


Started GET "/" for 127.0.0.1 at 2015-02-26 17:59:36 +0000
Processing by UploadsController#index as */*
  Rendered uploads/index.html.haml within layouts/application (0.7ms)
Completed 200 OK in 6ms (Views: 5.6ms)


Started GET "/uploads/%2E%2E%2Fconfig%2Finitializers%2Fsecret_token.rb" for 127.0.0.1 at 2015-02-26 17:59:48 +0000
Processing by UploadsController#show as 
  Parameters: {"id"=>"../config/initializers/secret_token"}
Sent file /Users/jeremyfox/Code/security-workshop-bundle/challenges/ultimate-uploader-ii/config/initializers/secret_token.rb (0.0ms)
Completed 200 OK in 0ms


Started GET "/" for 127.0.0.1 at 2015-02-26 17:59:48 +0000
Processing by UploadsController#index as */*
  Rendered uploads/index.html.haml within layouts/application (0.7ms)
Completed 200 OK in 6ms (Views: 5.7ms)


Started GET "/uploads/%2E%2E%2Fconfig%2Finitializers%2Fsecret_token.rb" for 127.0.0.1 at 2015-02-26 17:59:58 +0000
Processing by UploadsController#show as 
  Parameters: {"id"=>"../config/initializers/secret_token"}
Sent file /Users/jeremyfox/Code/security-workshop-bundle/challenges/ultimate-uploader-ii/config/initializers/secret_token.rb (0.1ms)
Completed 200 OK in 1ms


Started GET "/" for 127.0.0.1 at 2015-02-26 17:59:58 +0000
Processing by UploadsController#index as */*
  Rendered uploads/index.html.haml within layouts/application (0.7ms)
Completed 200 OK in 6ms (Views: 5.9ms)


Started GET "/uploads/%2E%2E%2Fconfig%2Finitializers%2Fsecret_token.rb" for 127.0.0.1 at 2015-02-26 18:00:27 +0000
Processing by UploadsController#show as 
  Parameters: {"id"=>"../config/initializers/secret_token"}
Sent file /Users/jeremyfox/Code/security-workshop-bundle/challenges/ultimate-uploader-ii/config/initializers/secret_token.rb (0.1ms)
Completed 200 OK in 0ms


Started GET "/" for 127.0.0.1 at 2015-02-26 18:00:27 +0000
Processing by UploadsController#index as */*
  Rendered uploads/index.html.haml within layouts/application (0.7ms)
Completed 200 OK in 6ms (Views: 5.7ms)


Started GET "/uploads/%2E%2E%2Fconfig%2Finitializers%2Fsecret_token.rb" for 127.0.0.1 at 2015-02-26 18:01:12 +0000
Processing by UploadsController#show as 
  Parameters: {"id"=>"../config/initializers/secret_token"}
Sent file /Users/jeremyfox/Code/security-workshop-bundle/challenges/ultimate-uploader-ii/config/initializers/secret_token.rb (0.0ms)
Completed 200 OK in 0ms


Started GET "/" for 127.0.0.1 at 2015-02-26 18:01:12 +0000
Processing by UploadsController#index as */*
  Rendered uploads/index.html.haml within layouts/application (0.7ms)
Completed 200 OK in 6ms (Views: 5.5ms)


Started GET "/uploads/%2E%2E%2Fconfig%2Finitializers%2Fsecret_token.rb" for 127.0.0.1 at 2015-02-26 18:01:43 +0000
Processing by UploadsController#show as 
  Parameters: {"id"=>"../config/initializers/secret_token"}
Sent file /Users/jeremyfox/Code/security-workshop-bundle/challenges/ultimate-uploader-ii/config/initializers/secret_token.rb (0.0ms)
Completed 200 OK in 0ms


Started GET "/" for 127.0.0.1 at 2015-02-26 18:01:43 +0000
Processing by UploadsController#index as */*
  Rendered uploads/index.html.haml within layouts/application (0.6ms)
Completed 200 OK in 6ms (Views: 5.6ms)


Started GET "/uploads/%2E%2E%2Fconfig%2Finitializers%2Fsecret_token.rb" for 127.0.0.1 at 2015-02-26 18:01:49 +0000
Processing by UploadsController#show as 
  Parameters: {"id"=>"../config/initializers/secret_token"}
Sent file /Users/jeremyfox/Code/security-workshop-bundle/challenges/ultimate-uploader-ii/config/initializers/secret_token.rb (0.1ms)
Completed 200 OK in 1ms


Started GET "/" for 127.0.0.1 at 2015-02-26 18:01:49 +0000
Processing by UploadsController#index as */*
  Rendered uploads/index.html.haml within layouts/application (0.7ms)
Completed 200 OK in 6ms (Views: 5.7ms)


Started GET "/uploads/%2E%2E%2Fconfig%2Finitializers%2Fsecret_token.rb" for 127.0.0.1 at 2015-02-26 18:02:01 +0000
Processing by UploadsController#show as 
  Parameters: {"id"=>"../config/initializers/secret_token"}
Sent file /Users/jeremyfox/Code/security-workshop-bundle/challenges/ultimate-uploader-ii/config/initializers/secret_token.rb (0.1ms)
Completed 200 OK in 0ms


Started GET "/" for 127.0.0.1 at 2015-02-26 18:02:01 +0000
Processing by UploadsController#index as */*
  Rendered uploads/index.html.haml within layouts/application (0.7ms)
Completed 200 OK in 6ms (Views: 5.7ms)


Started GET "/uploads/%2E%2E%2Fconfig%2Finitializers%2Fsecret_token.rb" for 127.0.0.1 at 2015-02-26 18:02:57 +0000
Processing by UploadsController#show as 
  Parameters: {"id"=>"../config/initializers/secret_token"}
Sent file /Users/jeremyfox/Code/security-workshop-bundle/challenges/ultimate-uploader-ii/config/initializers/secret_token.rb (0.1ms)
Completed 200 OK in 0ms


Started GET "/" for 127.0.0.1 at 2015-02-26 18:02:57 +0000
Processing by UploadsController#index as */*
  Rendered uploads/index.html.haml within layouts/application (0.7ms)
Completed 200 OK in 20ms (Views: 19.2ms)


Started GET "/uploads/%2E%2E%2Fconfig%2Finitializers%2Fsecret_token.rb" for 127.0.0.1 at 2015-02-26 18:03:06 +0000
Processing by UploadsController#show as 
  Parameters: {"id"=>"../config/initializers/secret_token"}
Sent file /Users/jeremyfox/Code/security-workshop-bundle/challenges/ultimate-uploader-ii/config/initializers/secret_token.rb (0.1ms)
Completed 200 OK in 1ms


Started GET "/" for 127.0.0.1 at 2015-02-26 18:03:06 +0000
Processing by UploadsController#index as */*
  Rendered uploads/index.html.haml within layouts/application (0.7ms)
Completed 200 OK in 6ms (Views: 5.8ms)


Started GET "/uploads/%2E%2E%2Fconfig%2Finitializers%2Fsecret_token.rb" for 127.0.0.1 at 2015-02-26 18:03:14 +0000
Processing by UploadsController#show as 
  Parameters: {"id"=>"../config/initializers/secret_token"}
Sent file /Users/jeremyfox/Code/security-workshop-bundle/challenges/ultimate-uploader-ii/config/initializers/secret_token.rb (0.1ms)
Completed 200 OK in 0ms


Started GET "/" for 127.0.0.1 at 2015-02-26 18:03:15 +0000
Processing by UploadsController#index as */*
  Rendered uploads/index.html.haml within layouts/application (0.7ms)
Completed 200 OK in 6ms (Views: 6.0ms)


Started GET "/uploads/%2E%2E%2Fconfig%2Finitializers%2Fsecret_token.rb" for 127.0.0.1 at 2015-02-26 18:03:23 +0000
Processing by UploadsController#show as 
  Parameters: {"id"=>"../config/initializers/secret_token"}
Sent file /Users/jeremyfox/Code/security-workshop-bundle/challenges/ultimate-uploader-ii/config/initializers/secret_token.rb (0.0ms)
Completed 200 OK in 0ms


Started GET "/" for 127.0.0.1 at 2015-02-26 18:03:23 +0000
Processing by UploadsController#index as */*
  Rendered uploads/index.html.haml within layouts/application (0.6ms)
Completed 200 OK in 6ms (Views: 5.5ms)


Started GET "/uploads/%2E%2E%2Fconfig%2Finitializers%2Fsecret_token.rb" for 127.0.0.1 at 2015-02-26 18:03:57 +0000
Processing by UploadsController#show as 
  Parameters: {"id"=>"../config/initializers/secret_token"}
Sent file /Users/jeremyfox/Code/security-workshop-bundle/challenges/ultimate-uploader-ii/config/initializers/secret_token.rb (0.1ms)
Completed 200 OK in 0ms


Started GET "/" for 127.0.0.1 at 2015-02-26 18:03:57 +0000
Processing by UploadsController#index as */*
  Rendered uploads/index.html.haml within layouts/application (0.7ms)
Completed 200 OK in 6ms (Views: 5.6ms)


Started GET "/uploads/%2E%2E%2Fconfig%2Finitializers%2Fsecret_token.rb" for 127.0.0.1 at 2015-02-26 18:05:02 +0000
Processing by UploadsController#show as 
  Parameters: {"id"=>"../config/initializers/secret_token"}
Sent file /Users/jeremyfox/Code/security-workshop-bundle/challenges/ultimate-uploader-ii/config/initializers/secret_token.rb (0.0ms)
Completed 200 OK in 0ms


Started GET "/" for 127.0.0.1 at 2015-02-26 18:05:02 +0000
Processing by UploadsController#index as */*
  Rendered uploads/index.html.haml within layouts/application (0.6ms)
Completed 200 OK in 6ms (Views: 5.5ms)


Started GET "/uploads/%2E%2E%2Fconfig%2Finitializers%2Fsecret_token.rb" for 127.0.0.1 at 2015-02-26 18:05:23 +0000
Processing by UploadsController#show as 
  Parameters: {"id"=>"../config/initializers/secret_token"}
Sent file /Users/jeremyfox/Code/security-workshop-bundle/challenges/ultimate-uploader-ii/config/initializers/secret_token.rb (0.1ms)
Completed 200 OK in 0ms


Started GET "/" for 127.0.0.1 at 2015-02-26 18:05:23 +0000
Processing by UploadsController#index as */*
  Rendered uploads/index.html.haml within layouts/application (0.8ms)
Completed 200 OK in 7ms (Views: 6.6ms)


Started GET "/uploads/%2E%2E%2Fconfig%2Finitializers%2Fsecret_token.rb" for 127.0.0.1 at 2015-02-26 18:08:14 +0000
Processing by UploadsController#show as 
  Parameters: {"id"=>"../config/initializers/secret_token"}
Sent file /Users/jeremyfox/Code/security-workshop-bundle/challenges/ultimate-uploader-ii/config/initializers/secret_token.rb (0.0ms)
Completed 200 OK in 0ms


Started GET "/" for 127.0.0.1 at 2015-02-26 18:08:14 +0000
Processing by UploadsController#index as */*
  Rendered uploads/index.html.haml within layouts/application (0.7ms)
Completed 200 OK in 6ms (Views: 5.4ms)


Started GET "/uploads/%2E%2E%2Fconfig%2Finitializers%2Fsecret_token.rb" for 127.0.0.1 at 2015-02-26 18:08:31 +0000
Processing by UploadsController#show as 
  Parameters: {"id"=>"../config/initializers/secret_token"}
Sent file /Users/jeremyfox/Code/security-workshop-bundle/challenges/ultimate-uploader-ii/config/initializers/secret_token.rb (0.1ms)
Completed 200 OK in 0ms


Started GET "/" for 127.0.0.1 at 2015-02-26 18:08:31 +0000
Processing by UploadsController#index as */*
  Rendered uploads/index.html.haml within layouts/application (0.8ms)
Completed 200 OK in 6ms (Views: 6.0ms)


Started GET "/uploads/%2E%2E%2Fconfig%2Finitializers%2Fsecret_token.rb" for 127.0.0.1 at 2015-02-26 18:08:49 +0000
Processing by UploadsController#show as 
  Parameters: {"id"=>"../config/initializers/secret_token"}
Sent file /Users/jeremyfox/Code/security-workshop-bundle/challenges/ultimate-uploader-ii/config/initializers/secret_token.rb (0.1ms)
Completed 200 OK in 0ms


Started GET "/" for 127.0.0.1 at 2015-02-26 18:08:49 +0000
Processing by UploadsController#index as */*
  Rendered uploads/index.html.haml within layouts/application (0.7ms)
Completed 200 OK in 6ms (Views: 5.5ms)


Started GET "/uploads/%2E%2E%2Fconfig%2Finitializers%2Fsecret_token.rb" for 127.0.0.1 at 2015-02-26 18:09:10 +0000
Processing by UploadsController#show as 
  Parameters: {"id"=>"../config/initializers/secret_token"}
Sent file /Users/jeremyfox/Code/security-workshop-bundle/challenges/ultimate-uploader-ii/config/initializers/secret_token.rb (0.1ms)
Completed 200 OK in 0ms


Started GET "/" for 127.0.0.1 at 2015-02-26 18:09:10 +0000
Processing by UploadsController#index as */*
  Rendered uploads/index.html.haml within layouts/application (0.7ms)
Completed 200 OK in 6ms (Views: 5.6ms)


Started GET "/uploads/%2E%2E%2Fconfig%2Finitializers%2Fsecret_token.rb" for 127.0.0.1 at 2015-02-26 18:11:12 +0000
Processing by UploadsController#show as 
  Parameters: {"id"=>"../config/initializers/secret_token"}
Sent file /Users/jeremyfox/Code/security-workshop-bundle/challenges/ultimate-uploader-ii/config/initializers/secret_token.rb (0.1ms)
Completed 200 OK in 0ms


Started GET "/" for 127.0.0.1 at 2015-02-26 18:11:12 +0000
Processing by UploadsController#index as */*
  Rendered uploads/index.html.haml within layouts/application (0.7ms)
Completed 200 OK in 6ms (Views: 6.0ms)


Started GET "/uploads/%2E%2E%2Fconfig%2Finitializers%2Fsecret_token.rb" for 127.0.0.1 at 2015-02-26 18:11:27 +0000
Processing by UploadsController#show as 
  Parameters: {"id"=>"../config/initializers/secret_token"}
Sent file /Users/jeremyfox/Code/security-workshop-bundle/challenges/ultimate-uploader-ii/config/initializers/secret_token.rb (0.1ms)
Completed 200 OK in 0ms


Started GET "/" for 127.0.0.1 at 2015-02-26 18:11:27 +0000
Processing by UploadsController#index as */*
  Rendered uploads/index.html.haml within layouts/application (0.9ms)
Completed 200 OK in 6ms (Views: 5.9ms)


Started GET "/uploads/%2E%2E%2Fconfig%2Finitializers%2Fsecret_token.rb" for 127.0.0.1 at 2015-02-26 18:11:38 +0000
Processing by UploadsController#show as 
  Parameters: {"id"=>"../config/initializers/secret_token"}
Sent file /Users/jeremyfox/Code/security-workshop-bundle/challenges/ultimate-uploader-ii/config/initializers/secret_token.rb (0.1ms)
Completed 200 OK in 0ms


Started GET "/" for 127.0.0.1 at 2015-02-26 18:11:38 +0000
Processing by UploadsController#index as */*
  Rendered uploads/index.html.haml within layouts/application (0.7ms)
Completed 200 OK in 8ms (Views: 7.3ms)


Started GET "/uploads/%2E%2E%2Fconfig%2Finitializers%2Fsecret_token.rb" for 127.0.0.1 at 2015-02-26 18:11:49 +0000
Processing by UploadsController#show as 
  Parameters: {"id"=>"../config/initializers/secret_token"}
Sent file /Users/jeremyfox/Code/security-workshop-bundle/challenges/ultimate-uploader-ii/config/initializers/secret_token.rb (0.0ms)
Completed 200 OK in 0ms


Started GET "/" for 127.0.0.1 at 2015-02-26 18:11:49 +0000
Processing by UploadsController#index as */*
  Rendered uploads/index.html.haml within layouts/application (0.7ms)
Completed 200 OK in 6ms (Views: 5.6ms)


Started GET "/uploads/%2E%2E%2Fconfig%2Finitializers%2Fsecret_token.rb" for 127.0.0.1 at 2015-02-26 18:12:09 +0000
Processing by UploadsController#show as 
  Parameters: {"id"=>"../config/initializers/secret_token"}
Sent file /Users/jeremyfox/Code/security-workshop-bundle/challenges/ultimate-uploader-ii/config/initializers/secret_token.rb (0.0ms)
Completed 200 OK in 0ms


Started GET "/" for 127.0.0.1 at 2015-02-26 18:12:09 +0000
Processing by UploadsController#index as */*
  Rendered uploads/index.html.haml within layouts/application (0.6ms)
Completed 200 OK in 6ms (Views: 5.3ms)


Started GET "/uploads/%2E%2E%2Fconfig%2Finitializers%2Fsecret_token.rb" for 127.0.0.1 at 2015-02-26 18:13:00 +0000
Processing by UploadsController#show as 
  Parameters: {"id"=>"../config/initializers/secret_token"}
Sent file /Users/jeremyfox/Code/security-workshop-bundle/challenges/ultimate-uploader-ii/config/initializers/secret_token.rb (0.0ms)
Completed 200 OK in 0ms


Started GET "/" for 127.0.0.1 at 2015-02-26 18:13:00 +0000
Processing by UploadsController#index as */*
  Rendered uploads/index.html.haml within layouts/application (0.6ms)
Completed 200 OK in 6ms (Views: 5.4ms)


Started GET "/uploads/%2E%2E%2Fconfig%2Finitializers%2Fsecret_token.rb" for 127.0.0.1 at 2015-02-26 18:13:11 +0000
Processing by UploadsController#show as 
  Parameters: {"id"=>"../config/initializers/secret_token"}
Sent file /Users/jeremyfox/Code/security-workshop-bundle/challenges/ultimate-uploader-ii/config/initializers/secret_token.rb (0.1ms)
Completed 200 OK in 0ms


Started GET "/" for 127.0.0.1 at 2015-02-26 18:13:11 +0000
Processing by UploadsController#index as */*
  Rendered uploads/index.html.haml within layouts/application (0.7ms)
Completed 200 OK in 6ms (Views: 5.7ms)
