

Started GET "/" for 127.0.0.1 at 2015-02-27 09:51:26 +0000
Processing by UploadsController#index as HTML
  Rendered uploads/index.html.haml within layouts/application (4.3ms)
Completed 200 OK in 582ms (Views: 572.5ms)


Started GET "/assets/application.css?body=1" for 127.0.0.1 at 2015-02-27 09:51:27 +0000


Started GET "/assets/jquery.js?body=1" for 127.0.0.1 at 2015-02-27 09:51:27 +0000


Started GET "/assets/turbolinks.js?body=1" for 127.0.0.1 at 2015-02-27 09:51:27 +0000


Started GET "/assets/jquery_ujs.js?body=1" for 127.0.0.1 at 2015-02-27 09:51:27 +0000


Started GET "/assets/application.js?body=1" for 127.0.0.1 at 2015-02-27 09:51:27 +0000


Started GET "/uploads/%2E%2E%2Fconfig%2Finitializers%2Fsecret_token.rb" for 127.0.0.1 at 2015-02-27 09:51:49 +0000
Processing by UploadsController#show as 
  Parameters: {"id"=>"../config/initializers/secret_token"}
Sent file /Users/jeremyfox/Code/security-workshop-bundle/challenges/ultimate-uploader-iii/config/initializers/secret_token.rb (0.1ms)
Completed 200 OK in 1ms


Started GET "/uploads/%2E%2E%2Fconfig%2Finitializers%2Fsecret_token.rb" for 127.0.0.1 at 2015-02-27 10:33:58 +0000
Processing by UploadsController#show as 
  Parameters: {"id"=>"../config/initializers/secret_token"}
Sent file /Users/jeremyfox/Code/security-workshop-bundle/challenges/ultimate-uploader-iii/config/initializers/secret_token.rb (0.1ms)
Completed 200 OK in 7ms


Started GET "/" for 127.0.0.1 at 2015-02-27 10:33:58 +0000
Processing by UploadsController#index as */*
  Rendered uploads/index.html.haml within layouts/application (3.0ms)
Completed 200 OK in 42ms (Views: 41.3ms)


Started GET "/uploads/%2E%2E%2Fconfig%2Finitializers%2Fsecret_token.rb" for 127.0.0.1 at 2015-02-27 10:34:26 +0000
Processing by UploadsController#show as 
  Parameters: {"id"=>"../config/initializers/secret_token"}
Sent file /Users/jeremyfox/Code/security-workshop-bundle/challenges/ultimate-uploader-iii/config/initializers/secret_token.rb (0.1ms)
Completed 200 OK in 0ms


Started GET "/" for 127.0.0.1 at 2015-02-27 10:34:26 +0000
Processing by UploadsController#index as */*
  Rendered uploads/index.html.haml within layouts/application (0.6ms)
Completed 200 OK in 6ms (Views: 5.4ms)


Started GET "/uploads/%2E%2E%2Fconfig%2Finitializers%2Fsecret_token.rb" for 127.0.0.1 at 2015-02-27 10:34:36 +0000
Processing by UploadsController#show as 
  Parameters: {"id"=>"../config/initializers/secret_token"}
Sent file /Users/jeremyfox/Code/security-workshop-bundle/challenges/ultimate-uploader-iii/config/initializers/secret_token.rb (0.0ms)
Completed 200 OK in 0ms


Started GET "/" for 127.0.0.1 at 2015-02-27 10:34:36 +0000
Processing by UploadsController#index as */*
  Rendered uploads/index.html.haml within layouts/application (0.6ms)
Completed 200 OK in 6ms (Views: 5.3ms)


Started GET "/uploads/%2E%2E%2Fconfig%2Finitializers%2Fsecret_token.rb" for 127.0.0.1 at 2015-02-27 13:38:57 +0000
Processing by UploadsController#show as 
  Parameters: {"id"=>"../config/initializers/secret_token"}
Sent file /Users/jeremyfox/Code/security-workshop-bundle/challenges/ultimate-uploader-iii/config/initializers/secret_token.rb (0.1ms)
Completed 200 OK in 7ms


Started GET "/" for 127.0.0.1 at 2015-02-27 13:38:57 +0000
Processing by UploadsController#index as */*
  Rendered uploads/index.html.haml within layouts/application (4.1ms)
Completed 200 OK in 47ms (Views: 46.1ms)


Started GET "/uploads/%2E%2E%2Fconfig%2Finitializers%2Fsecret_token.rb" for 127.0.0.1 at 2015-02-27 13:39:14 +0000
Processing by UploadsController#show as 
  Parameters: {"id"=>"../config/initializers/secret_token"}
Sent file /Users/jeremyfox/Code/security-workshop-bundle/challenges/ultimate-uploader-iii/config/initializers/secret_token.rb (0.1ms)
Completed 200 OK in 0ms


Started GET "/" for 127.0.0.1 at 2015-02-27 13:39:14 +0000
Processing by UploadsController#index as */*
  Rendered uploads/index.html.haml within layouts/application (0.7ms)
Completed 200 OK in 6ms (Views: 5.6ms)


Started GET "/uploads/%2E%2E%2Fconfig%2Finitializers%2Fsecret_token.rb" for 127.0.0.1 at 2015-02-27 13:49:38 +0000
Processing by UploadsController#show as 
  Parameters: {"id"=>"../config/initializers/secret_token"}
Sent file /Users/jeremyfox/Code/security-workshop-bundle/challenges/ultimate-uploader-iii/config/initializers/secret_token.rb (0.1ms)
Completed 200 OK in 0ms


Started GET "/" for 127.0.0.1 at 2015-02-27 13:49:38 +0000
Processing by UploadsController#index as */*
  Rendered uploads/index.html.haml within layouts/application (0.7ms)
Completed 200 OK in 6ms (Views: 5.6ms)


Started GET "/uploads/%2E%2E%2Fconfig%2Finitializers%2Fsecret_token.rb" for 127.0.0.1 at 2015-02-27 13:50:05 +0000
Processing by UploadsController#show as 
  Parameters: {"id"=>"../config/initializers/secret_token"}
Sent file /Users/jeremyfox/Code/security-workshop-bundle/challenges/ultimate-uploader-iii/config/initializers/secret_token.rb (0.1ms)
Completed 200 OK in 0ms


Started GET "/" for 127.0.0.1 at 2015-02-27 13:50:05 +0000
Processing by UploadsController#index as */*
  Rendered uploads/index.html.haml within layouts/application (0.8ms)
Completed 200 OK in 6ms (Views: 5.8ms)


Started GET "/uploads/%2E%2E%2Fconfig%2Finitializers%2Fsecret_token.rb" for 127.0.0.1 at 2015-02-27 13:50:25 +0000
Processing by UploadsController#show as 
  Parameters: {"id"=>"../config/initializers/secret_token"}
Sent file /Users/jeremyfox/Code/security-workshop-bundle/challenges/ultimate-uploader-iii/config/initializers/secret_token.rb (0.1ms)
Completed 200 OK in 0ms


Started GET "/" for 127.0.0.1 at 2015-02-27 13:50:25 +0000
Processing by UploadsController#index as */*
  Rendered uploads/index.html.haml within layouts/application (0.6ms)
Completed 200 OK in 6ms (Views: 5.4ms)


Started GET "/uploads/%2E%2E%2Fconfig%2Finitializers%2Fsecret_token.rb" for 127.0.0.1 at 2015-02-27 13:51:31 +0000
Processing by UploadsController#show as 
  Parameters: {"id"=>"../config/initializers/secret_token"}
Sent file /Users/jeremyfox/Code/security-workshop-bundle/challenges/ultimate-uploader-iii/config/initializers/secret_token.rb (0.1ms)
Completed 200 OK in 0ms


Started GET "/" for 127.0.0.1 at 2015-02-27 13:51:31 +0000
Processing by UploadsController#index as */*
  Rendered uploads/index.html.haml within layouts/application (0.7ms)
Completed 200 OK in 6ms (Views: 5.3ms)


Started GET "/" for 127.0.0.1 at 2015-02-27 13:51:31 +0000
Processing by UploadsController#index as */*
  Rendered uploads/index.html.haml within layouts/application (0.7ms)
Completed 200 OK in 6ms (Views: 5.9ms)


Started GET "/uploads/%2E%2E%2Fconfig%2Finitializers%2Fsecret_token.rb" for 127.0.0.1 at 2015-02-27 13:51:49 +0000
Processing by UploadsController#show as 
  Parameters: {"id"=>"../config/initializers/secret_token"}
Sent file /Users/jeremyfox/Code/security-workshop-bundle/challenges/ultimate-uploader-iii/config/initializers/secret_token.rb (0.0ms)
Completed 200 OK in 0ms


Started GET "/" for 127.0.0.1 at 2015-02-27 13:51:49 +0000
Processing by UploadsController#index as */*
  Rendered uploads/index.html.haml within layouts/application (0.7ms)
Completed 200 OK in 6ms (Views: 5.4ms)


Started GET "/" for 127.0.0.1 at 2015-02-27 13:51:49 +0000
Processing by UploadsController#index as */*
  Rendered uploads/index.html.haml within layouts/application (0.8ms)
Completed 200 OK in 7ms (Views: 6.2ms)


Started GET "/uploads/%2E%2E%2Fconfig%2Finitializers%2Fsecret_token.rb" for 127.0.0.1 at 2015-02-27 13:52:18 +0000
Processing by UploadsController#show as 
  Parameters: {"id"=>"../config/initializers/secret_token"}
Sent file /Users/jeremyfox/Code/security-workshop-bundle/challenges/ultimate-uploader-iii/config/initializers/secret_token.rb (0.1ms)
Completed 200 OK in 0ms


Started GET "/" for 127.0.0.1 at 2015-02-27 13:52:18 +0000
Processing by UploadsController#index as */*
  Rendered uploads/index.html.haml within layouts/application (0.7ms)
Completed 200 OK in 6ms (Views: 5.3ms)


Started GET "/uploads/%2E%2E%2Fconfig%2Finitializers%2Fsecret_token.rb" for 127.0.0.1 at 2015-02-27 13:52:26 +0000
Processing by UploadsController#show as 
  Parameters: {"id"=>"../config/initializers/secret_token"}
Sent file /Users/jeremyfox/Code/security-workshop-bundle/challenges/ultimate-uploader-iii/config/initializers/secret_token.rb (0.0ms)
Completed 200 OK in 0ms


Started GET "/" for 127.0.0.1 at 2015-02-27 13:52:26 +0000
Processing by UploadsController#index as */*
  Rendered uploads/index.html.haml within layouts/application (0.7ms)
Completed 200 OK in 6ms (Views: 6.0ms)


Started GET "/" for 127.0.0.1 at 2015-02-27 13:52:26 +0000
Processing by UploadsController#index as */*
  Rendered uploads/index.html.haml within layouts/application (0.9ms)
Completed 200 OK in 7ms (Views: 6.2ms)


Started GET "/uploads/%2E%2E%2Fconfig%2Finitializers%2Fsecret_token.rb" for 127.0.0.1 at 2015-02-27 13:52:34 +0000
Processing by UploadsController#show as 
  Parameters: {"id"=>"../config/initializers/secret_token"}
Sent file /Users/jeremyfox/Code/security-workshop-bundle/challenges/ultimate-uploader-iii/config/initializers/secret_token.rb (0.1ms)
Completed 200 OK in 1ms


Started GET "/" for 127.0.0.1 at 2015-02-27 13:52:34 +0000
Processing by UploadsController#index as */*
  Rendered uploads/index.html.haml within layouts/application (0.7ms)
Completed 200 OK in 6ms (Views: 5.7ms)


Started GET "/" for 127.0.0.1 at 2015-02-27 13:52:34 +0000
Processing by UploadsController#index as */*
  Rendered uploads/index.html.haml within layouts/application (0.7ms)
Completed 200 OK in 6ms (Views: 5.8ms)


Started GET "/uploads/%2E%2E%2Fconfig%2Finitializers%2Fsecret_token.rb" for 127.0.0.1 at 2015-02-27 13:52:53 +0000
Processing by UploadsController#show as 
  Parameters: {"id"=>"../config/initializers/secret_token"}
Sent file /Users/jeremyfox/Code/security-workshop-bundle/challenges/ultimate-uploader-iii/config/initializers/secret_token.rb (0.1ms)
Completed 200 OK in 0ms


Started GET "/" for 127.0.0.1 at 2015-02-27 13:52:53 +0000
Processing by UploadsController#index as */*
  Rendered uploads/index.html.haml within layouts/application (0.7ms)
Completed 200 OK in 6ms (Views: 5.5ms)


Started GET "/" for 127.0.0.1 at 2015-02-27 13:52:53 +0000
Processing by UploadsController#index as */*
  Rendered uploads/index.html.haml within layouts/application (0.8ms)
Completed 200 OK in 7ms (Views: 6.0ms)


Started GET "/uploads/%2E%2E%2Fconfig%2Finitializers%2Fsecret_token.rb" for 127.0.0.1 at 2015-02-27 13:53:03 +0000
Processing by UploadsController#show as 
  Parameters: {"id"=>"../config/initializers/secret_token"}
Sent file /Users/jeremyfox/Code/security-workshop-bundle/challenges/ultimate-uploader-iii/config/initializers/secret_token.rb (0.0ms)
Completed 200 OK in 0ms


Started GET "/" for 127.0.0.1 at 2015-02-27 13:53:03 +0000
Processing by UploadsController#index as */*
  Rendered uploads/index.html.haml within layouts/application (0.7ms)
Completed 200 OK in 6ms (Views: 5.5ms)


Started GET "/" for 127.0.0.1 at 2015-02-27 13:53:03 +0000
Processing by UploadsController#index as */*
  Rendered uploads/index.html.haml within layouts/application (0.8ms)
Completed 200 OK in 6ms (Views: 5.9ms)


Started GET "/uploads/%2E%2E%2Fconfig%2Finitializers%2Fsecret_token.rb" for 127.0.0.1 at 2015-02-27 13:53:37 +0000
Processing by UploadsController#show as 
  Parameters: {"id"=>"../config/initializers/secret_token"}
Sent file /Users/jeremyfox/Code/security-workshop-bundle/challenges/ultimate-uploader-iii/config/initializers/secret_token.rb (0.0ms)
Completed 200 OK in 0ms


Started GET "/" for 127.0.0.1 at 2015-02-27 13:53:37 +0000
Processing by UploadsController#index as */*
  Rendered uploads/index.html.haml within layouts/application (0.9ms)
Completed 200 OK in 6ms (Views: 5.6ms)


Started GET "/" for 127.0.0.1 at 2015-02-27 13:53:37 +0000
Processing by UploadsController#index as */*
  Rendered uploads/index.html.haml within layouts/application (0.8ms)
Completed 200 OK in 7ms (Views: 6.0ms)


Started GET "/uploads/%2E%2E%2Fconfig%2Finitializers%2Fsecret_token.rb" for 127.0.0.1 at 2015-02-27 13:54:28 +0000
Processing by UploadsController#show as 
  Parameters: {"id"=>"../config/initializers/secret_token"}
Sent file /Users/jeremyfox/Code/security-workshop-bundle/challenges/ultimate-uploader-iii/config/initializers/secret_token.rb (0.1ms)
Completed 200 OK in 0ms


Started GET "/" for 127.0.0.1 at 2015-02-27 13:54:28 +0000
Processing by UploadsController#index as */*
  Rendered uploads/index.html.haml within layouts/application (0.7ms)
Completed 200 OK in 6ms (Views: 5.4ms)


Started GET "/uploads/%2E%2E%2Fconfig%2Finitializers%2Fsecret_token.rb" for 127.0.0.1 at 2015-02-27 13:54:34 +0000
Processing by UploadsController#show as 
  Parameters: {"id"=>"../config/initializers/secret_token"}
Sent file /Users/jeremyfox/Code/security-workshop-bundle/challenges/ultimate-uploader-iii/config/initializers/secret_token.rb (0.1ms)
Completed 200 OK in 0ms


Started GET "/" for 127.0.0.1 at 2015-02-27 13:54:34 +0000
Processing by UploadsController#index as */*
  Rendered uploads/index.html.haml within layouts/application (0.8ms)
Completed 200 OK in 6ms (Views: 5.7ms)


Started GET "/" for 127.0.0.1 at 2015-02-27 13:54:35 +0000
Processing by UploadsController#index as */*
  Rendered uploads/index.html.haml within layouts/application (0.7ms)
Completed 200 OK in 6ms (Views: 5.7ms)


Started GET "/uploads/%2E%2E%2Fconfig%2Finitializers%2Fsecret_token.rb" for 127.0.0.1 at 2015-02-27 13:54:43 +0000
Processing by UploadsController#show as 
  Parameters: {"id"=>"../config/initializers/secret_token"}
Sent file /Users/jeremyfox/Code/security-workshop-bundle/challenges/ultimate-uploader-iii/config/initializers/secret_token.rb (0.0ms)
Completed 200 OK in 0ms


Started GET "/" for 127.0.0.1 at 2015-02-27 13:54:43 +0000
Processing by UploadsController#index as */*
  Rendered uploads/index.html.haml within layouts/application (0.7ms)
Completed 200 OK in 6ms (Views: 5.7ms)


Started GET "/" for 127.0.0.1 at 2015-02-27 13:54:43 +0000
Processing by UploadsController#index as */*
  Rendered uploads/index.html.haml within layouts/application (0.8ms)
Completed 200 OK in 6ms (Views: 6.0ms)


Started GET "/uploads/%2E%2E%2Fconfig%2Finitializers%2Fsecret_token.rb" for 127.0.0.1 at 2015-02-27 13:58:54 +0000
Processing by UploadsController#show as 
  Parameters: {"id"=>"../config/initializers/secret_token"}
Sent file /Users/jeremyfox/Code/security-workshop-bundle/challenges/ultimate-uploader-iii/config/initializers/secret_token.rb (0.1ms)
Completed 200 OK in 1ms


Started GET "/" for 127.0.0.1 at 2015-02-27 13:58:55 +0000
Processing by UploadsController#index as */*
  Rendered uploads/index.html.haml within layouts/application (0.7ms)
Completed 200 OK in 6ms (Views: 5.4ms)


Started GET "/" for 127.0.0.1 at 2015-02-27 13:58:55 +0000
Processing by UploadsController#index as */*
  Rendered uploads/index.html.haml within layouts/application (0.8ms)
Completed 200 OK in 6ms (Views: 6.0ms)


Started GET "/uploads/%2E%2E%2Fconfig%2Finitializers%2Fsecret_token.rb" for 127.0.0.1 at 2015-02-27 13:59:16 +0000
Processing by UploadsController#show as 
  Parameters: {"id"=>"../config/initializers/secret_token"}
Sent file /Users/jeremyfox/Code/security-workshop-bundle/challenges/ultimate-uploader-iii/config/initializers/secret_token.rb (0.1ms)
Completed 200 OK in 0ms


Started GET "/" for 127.0.0.1 at 2015-02-27 13:59:16 +0000
Processing by UploadsController#index as */*
  Rendered uploads/index.html.haml within layouts/application (0.7ms)
Completed 200 OK in 6ms (Views: 5.9ms)


Started GET "/" for 127.0.0.1 at 2015-02-27 13:59:16 +0000
Processing by UploadsController#index as */*
  Rendered uploads/index.html.haml within layouts/application (0.7ms)
Completed 200 OK in 6ms (Views: 5.8ms)


Started GET "/uploads/%2E%2E%2Fconfig%2Finitializers%2Fsecret_token.rb" for 127.0.0.1 at 2015-02-27 13:59:39 +0000
Processing by UploadsController#show as 
  Parameters: {"id"=>"../config/initializers/secret_token"}
Sent file /Users/jeremyfox/Code/security-workshop-bundle/challenges/ultimate-uploader-iii/config/initializers/secret_token.rb (0.0ms)
Completed 200 OK in 0ms


Started GET "/" for 127.0.0.1 at 2015-02-27 13:59:39 +0000
Processing by UploadsController#index as */*
  Rendered uploads/index.html.haml within layouts/application (0.8ms)
Completed 200 OK in 7ms (Views: 6.1ms)


Started GET "/" for 127.0.0.1 at 2015-02-27 13:59:39 +0000
Processing by UploadsController#index as */*
  Rendered uploads/index.html.haml within layouts/application (0.7ms)
Completed 200 OK in 6ms (Views: 5.8ms)


Started GET "/uploads/%2E%2E%2Fconfig%2Finitializers%2Fsecret_token.rb" for 127.0.0.1 at 2015-02-27 14:00:06 +0000
Processing by UploadsController#show as 
  Parameters: {"id"=>"../config/initializers/secret_token"}
Sent file /Users/jeremyfox/Code/security-workshop-bundle/challenges/ultimate-uploader-iii/config/initializers/secret_token.rb (0.1ms)
Completed 200 OK in 0ms


Started GET "/" for 127.0.0.1 at 2015-02-27 14:00:06 +0000
Processing by UploadsController#index as */*
  Rendered uploads/index.html.haml within layouts/application (0.7ms)
Completed 200 OK in 6ms (Views: 5.5ms)


Started GET "/" for 127.0.0.1 at 2015-02-27 14:00:06 +0000
Processing by UploadsController#index as */*
  Rendered uploads/index.html.haml within layouts/application (0.7ms)
Completed 200 OK in 6ms (Views: 5.8ms)


Started GET "/uploads/%2E%2E%2Fconfig%2Finitializers%2Fsecret_token.rb" for 127.0.0.1 at 2015-02-27 14:00:40 +0000
Processing by UploadsController#show as 
  Parameters: {"id"=>"../config/initializers/secret_token"}
Sent file /Users/jeremyfox/Code/security-workshop-bundle/challenges/ultimate-uploader-iii/config/initializers/secret_token.rb (0.1ms)
Completed 200 OK in 1ms


Started GET "/" for 127.0.0.1 at 2015-02-27 14:00:40 +0000
Processing by UploadsController#index as */*
  Rendered uploads/index.html.haml within layouts/application (0.7ms)
Completed 200 OK in 6ms (Views: 5.4ms)


Started GET "/" for 127.0.0.1 at 2015-02-27 14:00:40 +0000
Processing by UploadsController#index as */*
  Rendered uploads/index.html.haml within layouts/application (0.7ms)
Completed 200 OK in 6ms (Views: 5.9ms)


Started GET "/uploads/%2E%2E%2Fconfig%2Finitializers%2Fsecret_token.rb" for 127.0.0.1 at 2015-02-27 14:00:56 +0000
Processing by UploadsController#show as 
  Parameters: {"id"=>"../config/initializers/secret_token"}
Sent file /Users/jeremyfox/Code/security-workshop-bundle/challenges/ultimate-uploader-iii/config/initializers/secret_token.rb (0.1ms)
Completed 200 OK in 0ms


Started GET "/" for 127.0.0.1 at 2015-02-27 14:00:56 +0000
Processing by UploadsController#index as */*
  Rendered uploads/index.html.haml within layouts/application (0.7ms)
Completed 200 OK in 6ms (Views: 5.4ms)


Started GET "/" for 127.0.0.1 at 2015-02-27 14:00:56 +0000
Processing by UploadsController#index as */*
  Rendered uploads/index.html.haml within layouts/application (0.8ms)
Completed 200 OK in 7ms (Views: 6.1ms)


Started GET "/uploads/%2E%2E%2Fconfig%2Finitializers%2Fsecret_token.rb" for 127.0.0.1 at 2015-02-27 14:01:30 +0000
Processing by UploadsController#show as 
  Parameters: {"id"=>"../config/initializers/secret_token"}
Sent file /Users/jeremyfox/Code/security-workshop-bundle/challenges/ultimate-uploader-iii/config/initializers/secret_token.rb (0.1ms)
Completed 200 OK in 0ms


Started GET "/" for 127.0.0.1 at 2015-02-27 14:01:30 +0000
Processing by UploadsController#index as */*
  Rendered uploads/index.html.haml within layouts/application (0.6ms)
Completed 200 OK in 5ms (Views: 5.2ms)


Started GET "/" for 127.0.0.1 at 2015-02-27 14:01:30 +0000
Processing by UploadsController#index as */*
  Rendered uploads/index.html.haml within layouts/application (0.8ms)
Completed 200 OK in 7ms (Views: 6.0ms)


Started GET "/uploads/%2E%2E%2Fconfig%2Finitializers%2Fsecret_token.rb" for 127.0.0.1 at 2015-02-27 14:01:37 +0000
Processing by UploadsController#show as 
  Parameters: {"id"=>"../config/initializers/secret_token"}
Sent file /Users/jeremyfox/Code/security-workshop-bundle/challenges/ultimate-uploader-iii/config/initializers/secret_token.rb (0.1ms)
Completed 200 OK in 0ms


Started GET "/" for 127.0.0.1 at 2015-02-27 14:01:37 +0000
Processing by UploadsController#index as */*
  Rendered uploads/index.html.haml within layouts/application (0.7ms)
Completed 200 OK in 6ms (Views: 5.5ms)


Started GET "/" for 127.0.0.1 at 2015-02-27 14:01:37 +0000
Processing by UploadsController#index as */*
  Rendered uploads/index.html.haml within layouts/application (0.7ms)
Completed 200 OK in 6ms (Views: 5.7ms)
